#
# There is insufficient memory for the Java Runtime Environment to continue.
# Native memory allocation (malloc) failed to allocate 32744 bytes for ChunkPool::allocate
# Possible reasons:
#   The system is out of physical RAM or swap space
#   The process is running with CompressedOops enabled, and the Java Heap may be blocking the growth of the native heap
# Possible solutions:
#   Reduce memory load on the system
#   Increase physical memory or swap space
#   Check if swap backing store is full
#   Decrease Java heap size (-Xmx/-Xms)
#   Decrease number of Java threads
#   Decrease Java thread stack sizes (-Xss)
#   Set larger code cache with -XX:ReservedCodeCacheSize=
#   JVM is running with Unscaled Compressed Oops mode in which the Java heap is
#     placed in the first 4GB address space. The Java Heap base address is the
#     maximum limit for the native heap growth. Please use -XX:HeapBaseMinAddress
#     to set the Java Heap base and to place the Java Heap above 4GB virtual address.
# This output file may be truncated or incomplete.
#
#  Out of Memory Error (arena.cpp:78), pid=5056, tid=1776
#
# JRE version: Java(TM) SE Runtime Environment (17.0.6+9) (build 17.0.6+9-LTS-190)
# Java VM: Java HotSpot(TM) 64-Bit Server VM (17.0.6+9-LTS-190, mixed mode, sharing, tiered, compressed oops, compressed class ptrs, g1 gc, windows-amd64)
# No core dump will be written. Minidumps are not enabled by default on client versions of Windows
#

---------------  S U M M A R Y ------------

Command Line: Controlador.Principal

Host: AMD Ryzen 3 5300U with Radeon Graphics         , 8 cores, 5G,  Windows 11 , 64 bit Build 22621 (10.0.22621.2215)
Time: Sat Sep 30 12:48:52 2023 Hora est. Pacífico, Sudamérica elapsed time: 365.578118 seconds (0d 0h 6m 5s)

---------------  T H R E A D  ---------------

Current thread (0x0000014ef93c8090):  JavaThread "C1 CompilerThread0" daemon [_thread_in_native, id=1776, stack(0x000000050f600000,0x000000050f700000)]


Current CompileTask:
C1: 365578 1138   !   3       java.awt.DefaultKeyboardFocusManager::dispatchEvent (1621 bytes)

Stack: [0x000000050f600000,0x000000050f700000]
Native frames: (J=compiled Java code, j=interpreted, Vv=VM code, C=native code)
V  [jvm.dll+0x6734ea]
V  [jvm.dll+0x7d18f4]
V  [jvm.dll+0x7d309e]
V  [jvm.dll+0x7d3703]
V  [jvm.dll+0x2433c5]
V  [jvm.dll+0xaa6c0]
V  [jvm.dll+0xaaa0c]
V  [jvm.dll+0x11af82]
V  [jvm.dll+0x179208]
V  [jvm.dll+0x177d4b]
V  [jvm.dll+0x132d23]
V  [jvm.dll+0x13262f]
V  [jvm.dll+0x132868]
V  [jvm.dll+0x131d01]
V  [jvm.dll+0x1339ad]
V  [jvm.dll+0x224b6e]
V  [jvm.dll+0x222f15]
V  [jvm.dll+0x78753c]
V  [jvm.dll+0x781a7a]
V  [jvm.dll+0x672375]
C  [ucrtbase.dll+0x29363]
C  [KERNEL32.DLL+0x1257d]
C  [ntdll.dll+0x5aa68]


---------------  P R O C E S S  ---------------

Threads class SMR info:
_java_thread_list=0x0000014efccb79d0, length=18, elements={
0x0000014ef9398760, 0x0000014ef9399de0, 0x0000014ef93af0c0, 0x0000014ef93b1b80,
0x0000014ef93b2530, 0x0000014ef93b4ef0, 0x0000014ef93b5c80, 0x0000014ef93c8090,
0x0000014ef93dbdb0, 0x0000014efa0adef0, 0x0000014efa0b15b0, 0x0000014efa2f1f00,
0x0000014efa2f56b0, 0x0000014efa2f8990, 0x0000014efc93d010, 0x0000014efcb72ec0,
0x0000014efcb70d10, 0x0000014efcb73860
}

Java Threads: ( => current thread )
  0x0000014ef9398760 JavaThread "Reference Handler" daemon [_thread_blocked, id=19120, stack(0x000000050ef00000,0x000000050f000000)]
  0x0000014ef9399de0 JavaThread "Finalizer" daemon [_thread_blocked, id=20800, stack(0x000000050f000000,0x000000050f100000)]
  0x0000014ef93af0c0 JavaThread "Signal Dispatcher" daemon [_thread_blocked, id=18020, stack(0x000000050f100000,0x000000050f200000)]
  0x0000014ef93b1b80 JavaThread "Attach Listener" daemon [_thread_blocked, id=14256, stack(0x000000050f200000,0x000000050f300000)]
  0x0000014ef93b2530 JavaThread "Service Thread" daemon [_thread_blocked, id=8452, stack(0x000000050f300000,0x000000050f400000)]
  0x0000014ef93b4ef0 JavaThread "Monitor Deflation Thread" daemon [_thread_blocked, id=10864, stack(0x000000050f400000,0x000000050f500000)]
  0x0000014ef93b5c80 JavaThread "C2 CompilerThread0" daemon [_thread_blocked, id=20160, stack(0x000000050f500000,0x000000050f600000)]
=>0x0000014ef93c8090 JavaThread "C1 CompilerThread0" daemon [_thread_in_native, id=1776, stack(0x000000050f600000,0x000000050f700000)]
  0x0000014ef93dbdb0 JavaThread "Sweeper thread" daemon [_thread_blocked, id=19808, stack(0x000000050f700000,0x000000050f800000)]
  0x0000014efa0adef0 JavaThread "Notification Thread" daemon [_thread_blocked, id=14064, stack(0x000000050f800000,0x000000050f900000)]
  0x0000014efa0b15b0 JavaThread "Common-Cleaner" daemon [_thread_blocked, id=13840, stack(0x000000050fa00000,0x000000050fb00000)]
  0x0000014efa2f1f00 JavaThread "Java2D Disposer" daemon [_thread_blocked, id=18040, stack(0x000000050fb00000,0x000000050fc00000)]
  0x0000014efa2f56b0 JavaThread "AWT-Shutdown" [_thread_blocked, id=18236, stack(0x000000050fc00000,0x000000050fd00000)]
  0x0000014efa2f8990 JavaThread "AWT-Windows" daemon [_thread_in_native, id=22364, stack(0x000000050fd00000,0x000000050fe00000)]
  0x0000014efc93d010 JavaThread "AWT-EventQueue-0" [_thread_blocked, id=14820, stack(0x0000000510600000,0x0000000510700000)]
  0x0000014efcb72ec0 JavaThread "DestroyJavaVM" [_thread_blocked, id=20796, stack(0x000000050e800000,0x000000050e900000)]
  0x0000014efcb70d10 JavaThread "D3D Screen Updater" daemon [_thread_blocked, id=11488, stack(0x0000000510900000,0x0000000510a00000)]
  0x0000014efcb73860 JavaThread "TimerQueue" daemon [_thread_blocked, id=21548, stack(0x0000000510a00000,0x0000000510b00000)]

Other Threads:
  0x0000014ef938ff40 VMThread "VM Thread" [stack: 0x000000050ee00000,0x000000050ef00000] [id=208]
  0x0000014eeb6a9810 WatcherThread [stack: 0x000000050f900000,0x000000050fa00000] [id=10380]
  0x0000014eeb6875f0 GCTaskThread "GC Thread#0" [stack: 0x000000050e900000,0x000000050ea00000] [id=20872]
  0x0000014eeb6940f0 ConcurrentGCThread "G1 Main Marker" [stack: 0x000000050ea00000,0x000000050eb00000] [id=21052]
  0x0000014eeb695b10 ConcurrentGCThread "G1 Conc#0" [stack: 0x000000050eb00000,0x000000050ec00000] [id=20392]
  0x0000014eeb6ff6c0 ConcurrentGCThread "G1 Refine#0" [stack: 0x000000050ec00000,0x000000050ed00000] [id=13472]
  0x0000014eeb7000e0 ConcurrentGCThread "G1 Service" [stack: 0x000000050ed00000,0x000000050ee00000] [id=13268]

Threads with active compile tasks:
C1 CompilerThread0   365640 1138   !   3       java.awt.DefaultKeyboardFocusManager::dispatchEvent (1621 bytes)

VM state: not at safepoint (normal execution)

VM Mutex/Monitor currently owned by a thread: None

Heap address: 0x00000000a2200000, size: 1502 MB, Compressed Oops mode: 32-bit

CDS archive(s) mapped at: [0x0000000800000000-0x0000000800bd0000-0x0000000800bd0000), size 12386304, SharedBaseAddress: 0x0000000800000000, ArchiveRelocationMode: 0.
Compressed class space mapped at: 0x0000000800c00000-0x0000000840c00000, reserved size: 1073741824
Narrow klass base: 0x0000000800000000, Narrow klass shift: 0, Narrow klass range: 0x100000000

GC Precious Log:
 CPUs: 8 total, 8 available
 Memory: 6005M
 Large Page Support: Disabled
 NUMA Support: Disabled
 Compressed Oops: Enabled (32-bit)
 Heap Region Size: 1M
 Heap Min Capacity: 8M
 Heap Initial Capacity: 94M
 Heap Max Capacity: 1502M
 Pre-touch: Disabled
 Parallel Workers: 8
 Concurrent Workers: 2
 Concurrent Refinement Workers: 8
 Periodic GC: Disabled

Heap:
 garbage-first heap   total 96256K, used 8192K [0x00000000a2200000, 0x0000000100000000)
  region size 1024K, 9 young (9216K), 0 survivors (0K)
 Metaspace       used 9635K, committed 9792K, reserved 1064960K
  class space    used 1157K, committed 1280K, reserved 1048576K

Heap Regions: E=young(eden), S=young(survivor), O=old, HS=humongous(starts), HC=humongous(continues), CS=collection set, F=free, OA=open archive, CA=closed archive, TAMS=top-at-mark-start (previous, next)
|   0|0x00000000a2200000, 0x00000000a2200000, 0x00000000a2300000|  0%| F|  |TAMS 0x00000000a2200000, 0x00000000a2200000| Untracked 
|   1|0x00000000a2300000, 0x00000000a2300000, 0x00000000a2400000|  0%| F|  |TAMS 0x00000000a2300000, 0x00000000a2300000| Untracked 
|   2|0x00000000a2400000, 0x00000000a2400000, 0x00000000a2500000|  0%| F|  |TAMS 0x00000000a2400000, 0x00000000a2400000| Untracked 
|   3|0x00000000a2500000, 0x00000000a2500000, 0x00000000a2600000|  0%| F|  |TAMS 0x00000000a2500000, 0x00000000a2500000| Untracked 
|   4|0x00000000a2600000, 0x00000000a2600000, 0x00000000a2700000|  0%| F|  |TAMS 0x00000000a2600000, 0x00000000a2600000| Untracked 
|   5|0x00000000a2700000, 0x00000000a2700000, 0x00000000a2800000|  0%| F|  |TAMS 0x00000000a2700000, 0x00000000a2700000| Untracked 
|   6|0x00000000a2800000, 0x00000000a2800000, 0x00000000a2900000|  0%| F|  |TAMS 0x00000000a2800000, 0x00000000a2800000| Untracked 
|   7|0x00000000a2900000, 0x00000000a2900000, 0x00000000a2a00000|  0%| F|  |TAMS 0x00000000a2900000, 0x00000000a2900000| Untracked 
|   8|0x00000000a2a00000, 0x00000000a2a00000, 0x00000000a2b00000|  0%| F|  |TAMS 0x00000000a2a00000, 0x00000000a2a00000| Untracked 
|   9|0x00000000a2b00000, 0x00000000a2b00000, 0x00000000a2c00000|  0%| F|  |TAMS 0x00000000a2b00000, 0x00000000a2b00000| Untracked 
|  10|0x00000000a2c00000, 0x00000000a2c00000, 0x00000000a2d00000|  0%| F|  |TAMS 0x00000000a2c00000, 0x00000000a2c00000| Untracked 
|  11|0x00000000a2d00000, 0x00000000a2d00000, 0x00000000a2e00000|  0%| F|  |TAMS 0x00000000a2d00000, 0x00000000a2d00000| Untracked 
|  12|0x00000000a2e00000, 0x00000000a2e00000, 0x00000000a2f00000|  0%| F|  |TAMS 0x00000000a2e00000, 0x00000000a2e00000| Untracked 
|  13|0x00000000a2f00000, 0x00000000a2f00000, 0x00000000a3000000|  0%| F|  |TAMS 0x00000000a2f00000, 0x00000000a2f00000| Untracked 
|  14|0x00000000a3000000, 0x00000000a3000000, 0x00000000a3100000|  0%| F|  |TAMS 0x00000000a3000000, 0x00000000a3000000| Untracked 
|  15|0x00000000a3100000, 0x00000000a3100000, 0x00000000a3200000|  0%| F|  |TAMS 0x00000000a3100000, 0x00000000a3100000| Untracked 
|  16|0x00000000a3200000, 0x00000000a3200000, 0x00000000a3300000|  0%| F|  |TAMS 0x00000000a3200000, 0x00000000a3200000| Untracked 
|  17|0x00000000a3300000, 0x00000000a3300000, 0x00000000a3400000|  0%| F|  |TAMS 0x00000000a3300000, 0x00000000a3300000| Untracked 
|  18|0x00000000a3400000, 0x00000000a3400000, 0x00000000a3500000|  0%| F|  |TAMS 0x00000000a3400000, 0x00000000a3400000| Untracked 
|  19|0x00000000a3500000, 0x00000000a3500000, 0x00000000a3600000|  0%| F|  |TAMS 0x00000000a3500000, 0x00000000a3500000| Untracked 
|  20|0x00000000a3600000, 0x00000000a3600000, 0x00000000a3700000|  0%| F|  |TAMS 0x00000000a3600000, 0x00000000a3600000| Untracked 
|  21|0x00000000a3700000, 0x00000000a3700000, 0x00000000a3800000|  0%| F|  |TAMS 0x00000000a3700000, 0x00000000a3700000| Untracked 
|  22|0x00000000a3800000, 0x00000000a3800000, 0x00000000a3900000|  0%| F|  |TAMS 0x00000000a3800000, 0x00000000a3800000| Untracked 
|  23|0x00000000a3900000, 0x00000000a3900000, 0x00000000a3a00000|  0%| F|  |TAMS 0x00000000a3900000, 0x00000000a3900000| Untracked 
|  24|0x00000000a3a00000, 0x00000000a3a00000, 0x00000000a3b00000|  0%| F|  |TAMS 0x00000000a3a00000, 0x00000000a3a00000| Untracked 
|  25|0x00000000a3b00000, 0x00000000a3b00000, 0x00000000a3c00000|  0%| F|  |TAMS 0x00000000a3b00000, 0x00000000a3b00000| Untracked 
|  26|0x00000000a3c00000, 0x00000000a3c00000, 0x00000000a3d00000|  0%| F|  |TAMS 0x00000000a3c00000, 0x00000000a3c00000| Untracked 
|  27|0x00000000a3d00000, 0x00000000a3d00000, 0x00000000a3e00000|  0%| F|  |TAMS 0x00000000a3d00000, 0x00000000a3d00000| Untracked 
|  28|0x00000000a3e00000, 0x00000000a3e00000, 0x00000000a3f00000|  0%| F|  |TAMS 0x00000000a3e00000, 0x00000000a3e00000| Untracked 
|  29|0x00000000a3f00000, 0x00000000a3f00000, 0x00000000a4000000|  0%| F|  |TAMS 0x00000000a3f00000, 0x00000000a3f00000| Untracked 
|  30|0x00000000a4000000, 0x00000000a4000000, 0x00000000a4100000|  0%| F|  |TAMS 0x00000000a4000000, 0x00000000a4000000| Untracked 
|  31|0x00000000a4100000, 0x00000000a4100000, 0x00000000a4200000|  0%| F|  |TAMS 0x00000000a4100000, 0x00000000a4100000| Untracked 
|  32|0x00000000a4200000, 0x00000000a4200000, 0x00000000a4300000|  0%| F|  |TAMS 0x00000000a4200000, 0x00000000a4200000| Untracked 
|  33|0x00000000a4300000, 0x00000000a4300000, 0x00000000a4400000|  0%| F|  |TAMS 0x00000000a4300000, 0x00000000a4300000| Untracked 
|  34|0x00000000a4400000, 0x00000000a4400000, 0x00000000a4500000|  0%| F|  |TAMS 0x00000000a4400000, 0x00000000a4400000| Untracked 
|  35|0x00000000a4500000, 0x00000000a4500000, 0x00000000a4600000|  0%| F|  |TAMS 0x00000000a4500000, 0x00000000a4500000| Untracked 
|  36|0x00000000a4600000, 0x00000000a4600000, 0x00000000a4700000|  0%| F|  |TAMS 0x00000000a4600000, 0x00000000a4600000| Untracked 
|  37|0x00000000a4700000, 0x00000000a4700000, 0x00000000a4800000|  0%| F|  |TAMS 0x00000000a4700000, 0x00000000a4700000| Untracked 
|  38|0x00000000a4800000, 0x00000000a4800000, 0x00000000a4900000|  0%| F|  |TAMS 0x00000000a4800000, 0x00000000a4800000| Untracked 
|  39|0x00000000a4900000, 0x00000000a4900000, 0x00000000a4a00000|  0%| F|  |TAMS 0x00000000a4900000, 0x00000000a4900000| Untracked 
|  40|0x00000000a4a00000, 0x00000000a4a00000, 0x00000000a4b00000|  0%| F|  |TAMS 0x00000000a4a00000, 0x00000000a4a00000| Untracked 
|  41|0x00000000a4b00000, 0x00000000a4b00000, 0x00000000a4c00000|  0%| F|  |TAMS 0x00000000a4b00000, 0x00000000a4b00000| Untracked 
|  42|0x00000000a4c00000, 0x00000000a4c00000, 0x00000000a4d00000|  0%| F|  |TAMS 0x00000000a4c00000, 0x00000000a4c00000| Untracked 
|  43|0x00000000a4d00000, 0x00000000a4d00000, 0x00000000a4e00000|  0%| F|  |TAMS 0x00000000a4d00000, 0x00000000a4d00000| Untracked 
|  44|0x00000000a4e00000, 0x00000000a4e00000, 0x00000000a4f00000|  0%| F|  |TAMS 0x00000000a4e00000, 0x00000000a4e00000| Untracked 
|  45|0x00000000a4f00000, 0x00000000a4f00000, 0x00000000a5000000|  0%| F|  |TAMS 0x00000000a4f00000, 0x00000000a4f00000| Untracked 
|  46|0x00000000a5000000, 0x00000000a5000000, 0x00000000a5100000|  0%| F|  |TAMS 0x00000000a5000000, 0x00000000a5000000| Untracked 
|  47|0x00000000a5100000, 0x00000000a5100000, 0x00000000a5200000|  0%| F|  |TAMS 0x00000000a5100000, 0x00000000a5100000| Untracked 
|  48|0x00000000a5200000, 0x00000000a5200000, 0x00000000a5300000|  0%| F|  |TAMS 0x00000000a5200000, 0x00000000a5200000| Untracked 
|  49|0x00000000a5300000, 0x00000000a5300000, 0x00000000a5400000|  0%| F|  |TAMS 0x00000000a5300000, 0x00000000a5300000| Untracked 
|  50|0x00000000a5400000, 0x00000000a5400000, 0x00000000a5500000|  0%| F|  |TAMS 0x00000000a5400000, 0x00000000a5400000| Untracked 
|  51|0x00000000a5500000, 0x00000000a5500000, 0x00000000a5600000|  0%| F|  |TAMS 0x00000000a5500000, 0x00000000a5500000| Untracked 
|  52|0x00000000a5600000, 0x00000000a5600000, 0x00000000a5700000|  0%| F|  |TAMS 0x00000000a5600000, 0x00000000a5600000| Untracked 
|  53|0x00000000a5700000, 0x00000000a5700000, 0x00000000a5800000|  0%| F|  |TAMS 0x00000000a5700000, 0x00000000a5700000| Untracked 
|  54|0x00000000a5800000, 0x00000000a5800000, 0x00000000a5900000|  0%| F|  |TAMS 0x00000000a5800000, 0x00000000a5800000| Untracked 
|  55|0x00000000a5900000, 0x00000000a5900000, 0x00000000a5a00000|  0%| F|  |TAMS 0x00000000a5900000, 0x00000000a5900000| Untracked 
|  56|0x00000000a5a00000, 0x00000000a5a00000, 0x00000000a5b00000|  0%| F|  |TAMS 0x00000000a5a00000, 0x00000000a5a00000| Untracked 
|  57|0x00000000a5b00000, 0x00000000a5b00000, 0x00000000a5c00000|  0%| F|  |TAMS 0x00000000a5b00000, 0x00000000a5b00000| Untracked 
|  58|0x00000000a5c00000, 0x00000000a5c00000, 0x00000000a5d00000|  0%| F|  |TAMS 0x00000000a5c00000, 0x00000000a5c00000| Untracked 
|  59|0x00000000a5d00000, 0x00000000a5d00000, 0x00000000a5e00000|  0%| F|  |TAMS 0x00000000a5d00000, 0x00000000a5d00000| Untracked 
|  60|0x00000000a5e00000, 0x00000000a5e00000, 0x00000000a5f00000|  0%| F|  |TAMS 0x00000000a5e00000, 0x00000000a5e00000| Untracked 
|  61|0x00000000a5f00000, 0x00000000a5f00000, 0x00000000a6000000|  0%| F|  |TAMS 0x00000000a5f00000, 0x00000000a5f00000| Untracked 
|  62|0x00000000a6000000, 0x00000000a6000000, 0x00000000a6100000|  0%| F|  |TAMS 0x00000000a6000000, 0x00000000a6000000| Untracked 
|  63|0x00000000a6100000, 0x00000000a6100000, 0x00000000a6200000|  0%| F|  |TAMS 0x00000000a6100000, 0x00000000a6100000| Untracked 
|  64|0x00000000a6200000, 0x00000000a6200000, 0x00000000a6300000|  0%| F|  |TAMS 0x00000000a6200000, 0x00000000a6200000| Untracked 
|  65|0x00000000a6300000, 0x00000000a6300000, 0x00000000a6400000|  0%| F|  |TAMS 0x00000000a6300000, 0x00000000a6300000| Untracked 
|  66|0x00000000a6400000, 0x00000000a6400000, 0x00000000a6500000|  0%| F|  |TAMS 0x00000000a6400000, 0x00000000a6400000| Untracked 
|  67|0x00000000a6500000, 0x00000000a6500000, 0x00000000a6600000|  0%| F|  |TAMS 0x00000000a6500000, 0x00000000a6500000| Untracked 
|  68|0x00000000a6600000, 0x00000000a6600000, 0x00000000a6700000|  0%| F|  |TAMS 0x00000000a6600000, 0x00000000a6600000| Untracked 
|  69|0x00000000a6700000, 0x00000000a6700000, 0x00000000a6800000|  0%| F|  |TAMS 0x00000000a6700000, 0x00000000a6700000| Untracked 
|  70|0x00000000a6800000, 0x00000000a6800000, 0x00000000a6900000|  0%| F|  |TAMS 0x00000000a6800000, 0x00000000a6800000| Untracked 
|  71|0x00000000a6900000, 0x00000000a6900000, 0x00000000a6a00000|  0%| F|  |TAMS 0x00000000a6900000, 0x00000000a6900000| Untracked 
|  72|0x00000000a6a00000, 0x00000000a6a00000, 0x00000000a6b00000|  0%| F|  |TAMS 0x00000000a6a00000, 0x00000000a6a00000| Untracked 
|  73|0x00000000a6b00000, 0x00000000a6b00000, 0x00000000a6c00000|  0%| F|  |TAMS 0x00000000a6b00000, 0x00000000a6b00000| Untracked 
|  74|0x00000000a6c00000, 0x00000000a6c00000, 0x00000000a6d00000|  0%| F|  |TAMS 0x00000000a6c00000, 0x00000000a6c00000| Untracked 
|  75|0x00000000a6d00000, 0x00000000a6d00000, 0x00000000a6e00000|  0%| F|  |TAMS 0x00000000a6d00000, 0x00000000a6d00000| Untracked 
|  76|0x00000000a6e00000, 0x00000000a6e00000, 0x00000000a6f00000|  0%| F|  |TAMS 0x00000000a6e00000, 0x00000000a6e00000| Untracked 
|  77|0x00000000a6f00000, 0x00000000a6f00000, 0x00000000a7000000|  0%| F|  |TAMS 0x00000000a6f00000, 0x00000000a6f00000| Untracked 
|  78|0x00000000a7000000, 0x00000000a7000000, 0x00000000a7100000|  0%| F|  |TAMS 0x00000000a7000000, 0x00000000a7000000| Untracked 
|  79|0x00000000a7100000, 0x00000000a7100000, 0x00000000a7200000|  0%| F|  |TAMS 0x00000000a7100000, 0x00000000a7100000| Untracked 
|  80|0x00000000a7200000, 0x00000000a7200000, 0x00000000a7300000|  0%| F|  |TAMS 0x00000000a7200000, 0x00000000a7200000| Untracked 
|  81|0x00000000a7300000, 0x00000000a7300000, 0x00000000a7400000|  0%| F|  |TAMS 0x00000000a7300000, 0x00000000a7300000| Untracked 
|  82|0x00000000a7400000, 0x00000000a7400000, 0x00000000a7500000|  0%| F|  |TAMS 0x00000000a7400000, 0x00000000a7400000| Untracked 
|  83|0x00000000a7500000, 0x00000000a7500000, 0x00000000a7600000|  0%| F|  |TAMS 0x00000000a7500000, 0x00000000a7500000| Untracked 
|  84|0x00000000a7600000, 0x00000000a7600000, 0x00000000a7700000|  0%| F|  |TAMS 0x00000000a7600000, 0x00000000a7600000| Untracked 
|  85|0x00000000a7700000, 0x00000000a7776448, 0x00000000a7800000| 46%| E|  |TAMS 0x00000000a7700000, 0x00000000a7700000| Complete 
|  86|0x00000000a7800000, 0x00000000a7900000, 0x00000000a7900000|100%| E|CS|TAMS 0x00000000a7800000, 0x00000000a7800000| Complete 
|  87|0x00000000a7900000, 0x00000000a7a00000, 0x00000000a7a00000|100%| E|CS|TAMS 0x00000000a7900000, 0x00000000a7900000| Complete 
|  88|0x00000000a7a00000, 0x00000000a7b00000, 0x00000000a7b00000|100%| E|CS|TAMS 0x00000000a7a00000, 0x00000000a7a00000| Complete 
|  89|0x00000000a7b00000, 0x00000000a7c00000, 0x00000000a7c00000|100%| E|CS|TAMS 0x00000000a7b00000, 0x00000000a7b00000| Complete 
|  90|0x00000000a7c00000, 0x00000000a7d00000, 0x00000000a7d00000|100%| E|CS|TAMS 0x00000000a7c00000, 0x00000000a7c00000| Complete 
|  91|0x00000000a7d00000, 0x00000000a7e00000, 0x00000000a7e00000|100%| E|CS|TAMS 0x00000000a7d00000, 0x00000000a7d00000| Complete 
|  92|0x00000000a7e00000, 0x00000000a7f00000, 0x00000000a7f00000|100%| E|CS|TAMS 0x00000000a7e00000, 0x00000000a7e00000| Complete 
|  93|0x00000000a7f00000, 0x00000000a8000000, 0x00000000a8000000|100%| E|CS|TAMS 0x00000000a7f00000, 0x00000000a7f00000| Complete 

Card table byte_map: [0x0000014ef34e0000,0x0000014ef37d0000] _byte_map_base: 0x0000014ef2fcf000

Marking Bits (Prev, Next): (CMBitMap*) 0x0000014eeb687c00, (CMBitMap*) 0x0000014eeb687c40
 Prev Bits: [0x0000014ef3ac0000, 0x0000014ef5238000)
 Next Bits: [0x0000014ef5240000, 0x0000014ef69b8000)

Polling page: 0x0000014ee9630000

Metaspace:

Usage:
  Non-class:      8.28 MB used.
      Class:      1.13 MB used.
       Both:      9.41 MB used.

Virtual space:
  Non-class space:       16.00 MB reserved,       8.31 MB ( 52%) committed,  2 nodes.
      Class space:        1.00 GB reserved,       1.25 MB ( <1%) committed,  1 nodes.
             Both:        1.02 GB reserved,       9.56 MB ( <1%) committed. 

Chunk freelists:
   Non-Class:  3.00 MB
       Class:  2.74 MB
        Both:  5.74 MB

MaxMetaspaceSize: unlimited
CompressedClassSpaceSize: 1.00 GB
Initial GC threshold: 21.00 MB
Current GC threshold: 21.00 MB
CDS: on
MetaspaceReclaimPolicy: balanced
 - commit_granule_bytes: 65536.
 - commit_granule_words: 8192.
 - virtual_space_node_default_size: 1048576.
 - enlarge_chunks_in_place: 1.
 - new_chunks_are_fully_committed: 0.
 - uncommit_free_chunks: 1.
 - use_allocation_guard: 0.
 - handle_deallocations: 1.


Internal statistics:

num_allocs_failed_limit: 0.
num_arena_births: 114.
num_arena_deaths: 0.
num_vsnodes_births: 3.
num_vsnodes_deaths: 0.
num_space_committed: 153.
num_space_uncommitted: 0.
num_chunks_returned_to_freelist: 0.
num_chunks_taken_from_freelist: 177.
num_chunk_merges: 0.
num_chunk_splits: 89.
num_chunks_enlarged: 22.
num_purges: 0.
num_inconsistent_stats: 0.

CodeHeap 'non-profiled nmethods': size=120000Kb used=281Kb max_used=281Kb free=119719Kb
 bounds [0x0000014e87ad0000, 0x0000014e87d40000, 0x0000014e8f000000]
CodeHeap 'profiled nmethods': size=120000Kb used=1764Kb max_used=1764Kb free=118236Kb
 bounds [0x0000014e80000000, 0x0000014e80270000, 0x0000014e87530000]
CodeHeap 'non-nmethods': size=5760Kb used=1281Kb max_used=1298Kb free=4478Kb
 bounds [0x0000014e87530000, 0x0000014e877a0000, 0x0000014e87ad0000]
 total_blobs=1746 nmethods=1136 adapters=523
 compilation: enabled
              stopped_count=0, restarted_count=0
 full_count=0

Compilation events (20 events):
Event: 365.445 Thread 0x0000014ef93c8090 nmethod 1125 0x0000014e801b3d90 code [0x0000014e801b3f40, 0x0000014e801b42e8]
Event: 365.445 Thread 0x0000014ef93c8090 1126       3       java.awt.EventQueue::setCurrentEventAndMostRecentTime (8 bytes)
Event: 365.445 Thread 0x0000014ef93c8090 nmethod 1126 0x0000014e801b4510 code [0x0000014e801b4700, 0x0000014e801b4bb8]
Event: 365.451 Thread 0x0000014ef93c8090 1128       3       sun.awt.windows.WObjectPeer::getPeerForTarget (10 bytes)
Event: 365.452 Thread 0x0000014ef93c8090 nmethod 1128 0x0000014e801b4d90 code [0x0000014e801b4fe0, 0x0000014e801b59a8]
Event: 365.452 Thread 0x0000014ef93c8090 1129       3       java.util.concurrent.locks.AbstractQueuedSynchronizer$ConditionNode::<init> (5 bytes)
Event: 365.452 Thread 0x0000014ef93c8090 nmethod 1129 0x0000014e801b5d10 code [0x0000014e801b5ec0, 0x0000014e801b6078]
Event: 365.452 Thread 0x0000014ef93c8090 1130       3       java.util.concurrent.locks.AbstractQueuedSynchronizer$ConditionObject::enableWait (84 bytes)
Event: 365.452 Thread 0x0000014ef93c8090 nmethod 1130 0x0000014e801b6190 code [0x0000014e801b63a0, 0x0000014e801b6ae8]
Event: 365.495 Thread 0x0000014ef93c8090 1132       3       java.awt.EventQueue::cacheEQItem (60 bytes)
Event: 365.495 Thread 0x0000014ef93c8090 nmethod 1132 0x0000014e801b6d90 code [0x0000014e801b6f60, 0x0000014e801b7748]
Event: 365.516 Thread 0x0000014ef93c8090 1134       3       java.awt.event.InvocationEvent::<init> (52 bytes)
Event: 365.516 Thread 0x0000014ef93c8090 nmethod 1134 0x0000014e801b7910 code [0x0000014e801b7ac0, 0x0000014e801b7de8]
Event: 365.531 Thread 0x0000014ef93c8090 1135   !   3       java.awt.event.InvocationEvent::dispatch (69 bytes)
Event: 365.531 Thread 0x0000014ef93c8090 nmethod 1135 0x0000014e801b7e90 code [0x0000014e801b8080, 0x0000014e801b8738]
Event: 365.553 Thread 0x0000014ef93c8090 1136       3       sun.awt.SunToolkit::isTouchKeyboardAutoShowEnabled (4 bytes)
Event: 365.553 Thread 0x0000014ef93c8090 nmethod 1136 0x0000014e801b8910 code [0x0000014e801b8aa0, 0x0000014e801b8b98]
Event: 365.559 Thread 0x0000014ef93c8090 1137       3       java.awt.event.InvocationEvent::<init> (13 bytes)
Event: 365.560 Thread 0x0000014ef93c8090 nmethod 1137 0x0000014e801b8c10 code [0x0000014e801b8dc0, 0x0000014e801b8f28]
Event: 365.561 Thread 0x0000014ef93c8090 1138   !   3       java.awt.DefaultKeyboardFocusManager::dispatchEvent (1621 bytes)

GC Heap History (0 events):
No events

Deoptimization events (18 events):
Event: 0.978 Thread 0x0000014eeb63b810 DEOPT PACKING pc=0x0000014e80015667 sp=0x000000050e8fc840
Event: 0.978 Thread 0x0000014eeb63b810 DEOPT UNPACKING pc=0x0000014e87582b43 sp=0x000000050e8fbc60 mode 0
Event: 1.085 Thread 0x0000014eeb63b810 Uncommon trap: trap_request=0xffffffde fr.pc=0x0000014e87aed8a4 relative=0x00000000000001a4
Event: 1.085 Thread 0x0000014eeb63b810 Uncommon trap: reason=class_check action=maybe_recompile pc=0x0000014e87aed8a4 method=java.lang.String.equals(Ljava/lang/Object;)Z @ 8 c2
Event: 1.085 Thread 0x0000014eeb63b810 DEOPT PACKING pc=0x0000014e87aed8a4 sp=0x000000050e8fd170
Event: 1.085 Thread 0x0000014eeb63b810 DEOPT UNPACKING pc=0x0000014e875823a3 sp=0x000000050e8fd118 mode 2
Event: 1.091 Thread 0x0000014eeb63b810 Uncommon trap: trap_request=0xffffffde fr.pc=0x0000014e87aed8a4 relative=0x00000000000001a4
Event: 1.091 Thread 0x0000014eeb63b810 Uncommon trap: reason=class_check action=maybe_recompile pc=0x0000014e87aed8a4 method=java.lang.String.equals(Ljava/lang/Object;)Z @ 8 c2
Event: 1.091 Thread 0x0000014eeb63b810 DEOPT PACKING pc=0x0000014e87aed8a4 sp=0x000000050e8fd2d0
Event: 1.091 Thread 0x0000014eeb63b810 DEOPT UNPACKING pc=0x0000014e875823a3 sp=0x000000050e8fd278 mode 2
Event: 1.091 Thread 0x0000014eeb63b810 Uncommon trap: trap_request=0xffffffde fr.pc=0x0000014e87aed8a4 relative=0x00000000000001a4
Event: 1.091 Thread 0x0000014eeb63b810 Uncommon trap: reason=class_check action=maybe_recompile pc=0x0000014e87aed8a4 method=java.lang.String.equals(Ljava/lang/Object;)Z @ 8 c2
Event: 1.091 Thread 0x0000014eeb63b810 DEOPT PACKING pc=0x0000014e87aed8a4 sp=0x000000050e8fd170
Event: 1.091 Thread 0x0000014eeb63b810 DEOPT UNPACKING pc=0x0000014e875823a3 sp=0x000000050e8fd118 mode 2
Event: 1.120 Thread 0x0000014eeb63b810 Uncommon trap: trap_request=0xffffffde fr.pc=0x0000014e87aed8a4 relative=0x00000000000001a4
Event: 1.120 Thread 0x0000014eeb63b810 Uncommon trap: reason=class_check action=maybe_recompile pc=0x0000014e87aed8a4 method=java.lang.String.equals(Ljava/lang/Object;)Z @ 8 c2
Event: 1.120 Thread 0x0000014eeb63b810 DEOPT PACKING pc=0x0000014e87aed8a4 sp=0x000000050e8fce20
Event: 1.120 Thread 0x0000014eeb63b810 DEOPT UNPACKING pc=0x0000014e875823a3 sp=0x000000050e8fcdc8 mode 2

Classes unloaded (0 events):
No events

Classes redefined (0 events):
No events

Internal exceptions (13 events):
Event: 0.145 Thread 0x0000014eeb63b810 Exception <a 'java/lang/ClassNotFoundException'{0x00000000a7e4bbb0}: sun/awt/resources/spi/awtProvider> (0x00000000a7e4bbb0) 
thrown [s\open\src\hotspot\share\classfile\systemDictionary.cpp, line 256]
Event: 0.199 Thread 0x0000014eeb63b810 Exception <a 'java/io/FileNotFoundException'{0x00000000a7ea4bc8}> (0x00000000a7ea4bc8) 
thrown [s\open\src\hotspot\share\prims\jni.cpp, line 516]
Event: 0.209 Thread 0x0000014eeb63b810 Exception <a 'java/io/FileNotFoundException'{0x00000000a7ed1bb0}> (0x00000000a7ed1bb0) 
thrown [s\open\src\hotspot\share\prims\jni.cpp, line 516]
Event: 0.313 Thread 0x0000014eeb63b810 Exception <a 'java/lang/NoSuchMethodError'{0x00000000a7d1cab0}: 'java.lang.Object java.lang.invoke.DirectMethodHandle$Holder.invokeStaticInit(java.lang.Object)'> (0x00000000a7d1cab0) 
thrown [s\open\src\hotspot\share\interpreter\linkResolver.cpp, line 759]
Event: 0.550 Thread 0x0000014eeb63b810 Exception <a 'java/lang/NoSuchMethodError'{0x00000000a7d67878}: 'void java.lang.invoke.DirectMethodHandle$Holder.invokeSpecial(java.lang.Object, java.lang.Object, java.lang.Object)'> (0x00000000a7d67878) 
thrown [s\open\src\hotspot\share\interpreter\linkResolver.cpp, line 759]
Event: 0.566 Thread 0x0000014eeb63b810 Exception <a 'java/lang/NoSuchMethodError'{0x00000000a7c07f88}: 'java.lang.Object java.lang.invoke.DirectMethodHandle$Holder.newInvokeSpecial(java.lang.Object, java.lang.Object, java.lang.Object, java.lang.Object, java.lang.Object)'> (0x00000000a7c07f88) 
thrown [s\open\src\hotspot\share\interpreter\linkResolver.cpp, line 759]
Event: 0.568 Thread 0x0000014eeb63b810 Exception <a 'java/lang/NoSuchMethodError'{0x00000000a7c13950}: 'java.lang.Object java.lang.invoke.DirectMethodHandle$Holder.invokeStatic(java.lang.Object, int, java.lang.Object, java.lang.Object, java.lang.Object, java.lang.Object)'> (0x00000000a7c13950) 
thrown [s\open\src\hotspot\share\interpreter\linkResolver.cpp, line 759]
Event: 0.576 Thread 0x0000014eeb63b810 Exception <a 'java/lang/NoSuchMethodError'{0x00000000a7c39110}: 'java.lang.Object java.lang.invoke.DirectMethodHandle$Holder.invokeStatic(java.lang.Object, int, java.lang.Object)'> (0x00000000a7c39110) 
thrown [s\open\src\hotspot\share\interpreter\linkResolver.cpp, line 759]
Event: 0.619 Thread 0x0000014eeb63b810 Exception <a 'java/lang/ClassNotFoundException'{0x00000000a7cf0cb0}: com/sun/swing/internal/plaf/metal/resources/spi/metalProvider> (0x00000000a7cf0cb0) 
thrown [s\open\src\hotspot\share\classfile\systemDictionary.cpp, line 256]
Event: 0.621 Thread 0x0000014eeb63b810 Exception <a 'java/lang/ClassNotFoundException'{0x00000000a7cf4b88}: com/sun/swing/internal/plaf/basic/resources/spi/basicProvider> (0x00000000a7cf4b88) 
thrown [s\open\src\hotspot\share\classfile\systemDictionary.cpp, line 256]
Event: 0.833 Thread 0x0000014efc958a70 Exception <a 'java/lang/NoSuchMethodError'{0x00000000a7bfaf78}: 'java.lang.Object java.lang.invoke.DirectMethodHandle$Holder.newInvokeSpecial(java.lang.Object, java.lang.Object, java.lang.Object, int, int, int, int, int)'> (0x00000000a7bfaf78) 
thrown [s\open\src\hotspot\share\interpreter\linkResolver.cpp, line 759]
Event: 0.896 Thread 0x0000014efa2f8990 Exception <a 'java/lang/NoSuchMethodError'{0x00000000a7d85cf8}: 'void java.lang.invoke.DirectMethodHandle$Holder.invokeVirtual(java.lang.Object, java.lang.Object)'> (0x00000000a7d85cf8) 
thrown [s\open\src\hotspot\share\interpreter\linkResolver.cpp, line 759]
Event: 0.937 Thread 0x0000014eeb63b810 Exception <a 'java/lang/NoSuchMethodError'{0x00000000a7902910}: 'void java.lang.invoke.DirectMethodHandle$Holder.invokeStaticInit(java.lang.Object)'> (0x00000000a7902910) 
thrown [s\open\src\hotspot\share\interpreter\linkResolver.cpp, line 759]

VM Operations (20 events):
Event: 1.264 Executing VM operation: HandshakeAllThreads
Event: 1.264 Executing VM operation: HandshakeAllThreads done
Event: 1.264 Executing VM operation: Cleanup
Event: 1.264 Executing VM operation: Cleanup done
Event: 2.276 Executing VM operation: Cleanup
Event: 2.276 Executing VM operation: Cleanup done
Event: 5.293 Executing VM operation: Cleanup
Event: 5.293 Executing VM operation: Cleanup done
Event: 8.307 Executing VM operation: Cleanup
Event: 8.307 Executing VM operation: Cleanup done
Event: 9.127 Executing VM operation: HandshakeAllThreads
Event: 9.127 Executing VM operation: HandshakeAllThreads done
Event: 10.134 Executing VM operation: Cleanup
Event: 10.134 Executing VM operation: Cleanup done
Event: 12.150 Executing VM operation: Cleanup
Event: 12.150 Executing VM operation: Cleanup done
Event: 13.165 Executing VM operation: Cleanup
Event: 13.165 Executing VM operation: Cleanup done
Event: 364.893 Executing VM operation: Cleanup
Event: 364.894 Executing VM operation: Cleanup done

Events (20 events):
Event: 9.133 loading class javax/swing/RepaintManager$3
Event: 9.134 loading class javax/swing/RepaintManager$3 done
Event: 9.138 loading class java/awt/geom/RectIterator
Event: 9.138 loading class java/awt/geom/RectIterator done
Event: 9.143 loading class sun/awt/UngrabEvent
Event: 9.143 loading class sun/awt/UngrabEvent done
Event: 9.673 loading class javax/swing/Autoscroller
Event: 9.674 loading class javax/swing/Autoscroller done
Event: 9.675 loading class javax/swing/plaf/basic/BasicPopupMenuUI$MouseGrabber$2
Event: 9.675 loading class javax/swing/plaf/basic/BasicPopupMenuUI$MouseGrabber$2 done
Event: 12.032 loading class sun/awt/DebugSettings
Event: 12.033 loading class sun/awt/DebugSettings done
Event: 12.034 loading class javax/swing/JComponent$KeyboardState
Event: 12.034 loading class javax/swing/JComponent$KeyboardState done
Event: 12.034 loading class javax/swing/JComponent$IntVector
Event: 12.034 loading class javax/swing/JComponent$IntVector done
Event: 12.034 loading class javax/swing/KeyboardManager
Event: 12.076 loading class javax/swing/KeyboardManager done
Event: 12.558 loading class java/awt/LightweightDispatcher$2
Event: 12.558 loading class java/awt/LightweightDispatcher$2 done


Dynamic libraries:
0x00007ff7b28e0000 - 0x00007ff7b28f0000 	C:\Program Files\Java\jdk-17\bin\java.exe
0x00007ffe13290000 - 0x00007ffe134a4000 	C:\WINDOWS\SYSTEM32\ntdll.dll
0x00007ffe11f00000 - 0x00007ffe11fc4000 	C:\WINDOWS\System32\KERNEL32.DLL
0x00007ffe10c70000 - 0x00007ffe11014000 	C:\WINDOWS\System32\KERNELBASE.dll
0x00007ffe10a30000 - 0x00007ffe10b41000 	C:\WINDOWS\System32\ucrtbase.dll
0x00007ffe0d540000 - 0x00007ffe0d55b000 	C:\Program Files\Java\jdk-17\bin\VCRUNTIME140.dll
0x00007ffe01530000 - 0x00007ffe01548000 	C:\Program Files\Java\jdk-17\bin\jli.dll
0x00007ffe11fd0000 - 0x00007ffe12080000 	C:\WINDOWS\System32\ADVAPI32.dll
0x00007ffe121a0000 - 0x00007ffe12247000 	C:\WINDOWS\System32\msvcrt.dll
0x00007ffe12700000 - 0x00007ffe127a6000 	C:\WINDOWS\System32\sechost.dll
0x00007ffe12b80000 - 0x00007ffe12c97000 	C:\WINDOWS\System32\RPCRT4.dll
0x00007ffe11ce0000 - 0x00007ffe11e8e000 	C:\WINDOWS\System32\USER32.dll
0x00007ffe10910000 - 0x00007ffe10936000 	C:\WINDOWS\System32\win32u.dll
0x00007ffdf6570000 - 0x00007ffdf6803000 	C:\WINDOWS\WinSxS\amd64_microsoft.windows.common-controls_6595b64144ccf1df_6.0.22621.2215_none_270d72677387dfc3\COMCTL32.dll
0x00007ffe126d0000 - 0x00007ffe126f9000 	C:\WINDOWS\System32\GDI32.dll
0x00007ffe10b50000 - 0x00007ffe10c68000 	C:\WINDOWS\System32\gdi32full.dll
0x00007ffe10640000 - 0x00007ffe106da000 	C:\WINDOWS\System32\msvcp_win.dll
0x00007ffe07570000 - 0x00007ffe0757a000 	C:\WINDOWS\SYSTEM32\VERSION.dll
0x00007ffe127b0000 - 0x00007ffe127e1000 	C:\WINDOWS\System32\IMM32.DLL
0x00007ffe0d530000 - 0x00007ffe0d53c000 	C:\Program Files\Java\jdk-17\bin\vcruntime140_1.dll
0x00007ffe02110000 - 0x00007ffe0219e000 	C:\Program Files\Java\jdk-17\bin\msvcp140.dll
0x00007ffddc7d0000 - 0x00007ffddd3a7000 	C:\Program Files\Java\jdk-17\bin\server\jvm.dll
0x00007ffe120a0000 - 0x00007ffe120a8000 	C:\WINDOWS\System32\PSAPI.DLL
0x00007ffe09b90000 - 0x00007ffe09bc4000 	C:\WINDOWS\SYSTEM32\WINMM.dll
0x00007ffe0d580000 - 0x00007ffe0d589000 	C:\WINDOWS\SYSTEM32\WSOCK32.dll
0x00007ffe120b0000 - 0x00007ffe12121000 	C:\WINDOWS\System32\WS2_32.dll
0x00007ffe0f640000 - 0x00007ffe0f658000 	C:\WINDOWS\SYSTEM32\kernel.appcore.dll
0x00007ffe0d4c0000 - 0x00007ffe0d4ca000 	C:\Program Files\Java\jdk-17\bin\jimage.dll
0x00007ffe0deb0000 - 0x00007ffe0e0de000 	C:\WINDOWS\SYSTEM32\DBGHELP.DLL
0x00007ffe127f0000 - 0x00007ffe12b7a000 	C:\WINDOWS\System32\combase.dll
0x00007ffe12e00000 - 0x00007ffe12ed7000 	C:\WINDOWS\System32\OLEAUT32.dll
0x00007ffdff0f0000 - 0x00007ffdff122000 	C:\WINDOWS\SYSTEM32\dbgcore.DLL
0x00007ffe109b0000 - 0x00007ffe10a2a000 	C:\WINDOWS\System32\bcryptPrimitives.dll
0x00007ffe0d500000 - 0x00007ffe0d525000 	C:\Program Files\Java\jdk-17\bin\java.dll
0x00007ffe09ca0000 - 0x00007ffe09d77000 	C:\Program Files\Java\jdk-17\bin\jsvml.dll
0x00007ffe11050000 - 0x00007ffe11873000 	C:\WINDOWS\System32\SHELL32.dll
0x00007ffe0e5d0000 - 0x00007ffe0eeba000 	C:\WINDOWS\SYSTEM32\windows.storage.dll
0x00007ffe0e490000 - 0x00007ffe0e5ce000 	C:\WINDOWS\SYSTEM32\wintypes.dll
0x00007ffe11a40000 - 0x00007ffe11b33000 	C:\WINDOWS\System32\SHCORE.dll
0x00007ffe12f90000 - 0x00007ffe12fee000 	C:\WINDOWS\System32\shlwapi.dll
0x00007ffe10570000 - 0x00007ffe10596000 	C:\WINDOWS\SYSTEM32\profapi.dll
0x00007ffde13b0000 - 0x00007ffde1541000 	C:\Program Files\Java\jdk-17\bin\awt.dll
0x00007ffe0d400000 - 0x00007ffe0d497000 	C:\WINDOWS\SYSTEM32\apphelp.dll
0x00007ffe0d910000 - 0x00007ffe0d93b000 	C:\WINDOWS\system32\DWMAPI.DLL
0x00007ffe0d6b0000 - 0x00007ffe0d75b000 	C:\WINDOWS\system32\uxtheme.dll
0x00007ffdcf1b0000 - 0x00007ffdcf2b0000 	C:\WINDOWS\system32\opengl32.dll
0x00007ffdcf110000 - 0x00007ffdcf13d000 	C:\WINDOWS\SYSTEM32\GLU32.dll
0x00007ffe0d7c0000 - 0x00007ffe0d7f8000 	C:\WINDOWS\SYSTEM32\dxcore.dll
0x00007ffe13080000 - 0x00007ffe131c9000 	C:\WINDOWS\System32\MSCTF.dll
0x00007ffe11b40000 - 0x00007ffe11cde000 	C:\WINDOWS\System32\ole32.dll
0x00007ffdd5e30000 - 0x00007ffdd5fd9000 	C:\WINDOWS\system32\d3d9.dll
0x00007ffe06ae0000 - 0x00007ffe06c9b000 	C:\WINDOWS\System32\DriverStore\FileRepository\u0390835.inf_amd64_66888840aa4163cc\B390488\aticfx64.dll
0x00007ffdfcd70000 - 0x00007ffdfcda4000 	C:\WINDOWS\System32\DriverStore\FileRepository\u0390835.inf_amd64_66888840aa4163cc\B390488\atiu9p64.dll
0x00007ffdcaab0000 - 0x00007ffdcb805000 	C:\WINDOWS\System32\DriverStore\FileRepository\u0390835.inf_amd64_66888840aa4163cc\B390488\atiumd64.dll
0x00000000581f0000 - 0x0000000059118000 	C:\WINDOWS\System32\DriverStore\FileRepository\u0390835.inf_amd64_66888840aa4163cc\B390488\atiumd6a.dll
0x00007ffe12250000 - 0x00007ffe126c4000 	C:\WINDOWS\System32\SETUPAPI.dll
0x00007ffe10510000 - 0x00007ffe1055d000 	C:\WINDOWS\SYSTEM32\POWRPROF.dll
0x00007ffe0ff20000 - 0x00007ffe0ff48000 	C:\WINDOWS\SYSTEM32\bcrypt.dll
0x00007ffe104f0000 - 0x00007ffe10503000 	C:\WINDOWS\SYSTEM32\UMPDC.dll
0x00007ffe03fb0000 - 0x00007ffe03fe5000 	C:\WINDOWS\SYSTEM32\amdihk64.dll
0x00007ffe09dc0000 - 0x00007ffe09e0a000 	C:\WINDOWS\SYSTEM32\directxdatabasehelper.dll
0x00007ffe09bf0000 - 0x00007ffe09c08000 	C:\Program Files\Java\jdk-17\bin\zip.dll
0x00007ffe01480000 - 0x00007ffe01506000 	C:\Program Files\Java\jdk-17\bin\freetype.dll
0x00007ffdec610000 - 0x00007ffdec6d5000 	C:\Program Files\Java\jdk-17\bin\fontmanager.dll
0x00007ffe12ee0000 - 0x00007ffe12f90000 	C:\WINDOWS\System32\clbcatq.dll
0x00007ffe0bc80000 - 0x00007ffe0be30000 	C:\WINDOWS\SYSTEM32\WindowsCodecs.dll
0x00007ffdec010000 - 0x00007ffdec06e000 	C:\WINDOWS\system32\dataexchange.dll
0x00007ffe0b350000 - 0x00007ffe0b5d2000 	C:\WINDOWS\system32\twinapi.appcore.dll
0x00007ffe0d3e0000 - 0x00007ffe0d3f9000 	C:\Program Files\Java\jdk-17\bin\net.dll
0x00007ffe084c0000 - 0x00007ffe085f7000 	C:\WINDOWS\SYSTEM32\WINHTTP.dll
0x00007ffe0fb10000 - 0x00007ffe0fb79000 	C:\WINDOWS\system32\mswsock.dll
0x00007ffe0b6b0000 - 0x00007ffe0b6c6000 	C:\Program Files\Java\jdk-17\bin\nio.dll
0x00007ffe02ab0000 - 0x00007ffe02bf4000 	C:\WINDOWS\SYSTEM32\textinputframework.dll
0x00007ffe0d100000 - 0x00007ffe0d233000 	C:\WINDOWS\SYSTEM32\CoreMessaging.dll
0x00007ffe09230000 - 0x00007ffe0959c000 	C:\WINDOWS\SYSTEM32\CoreUIComponents.dll
0x00007ffe0fd80000 - 0x00007ffe0fd8c000 	C:\WINDOWS\SYSTEM32\CRYPTBASE.DLL

dbghelp: loaded successfully - version: 4.0.5 - missing functions: none
symbol engine: initialized successfully - sym options: 0x614 - pdb path: .;C:\Program Files\Java\jdk-17\bin;C:\WINDOWS\SYSTEM32;C:\WINDOWS\WinSxS\amd64_microsoft.windows.common-controls_6595b64144ccf1df_6.0.22621.2215_none_270d72677387dfc3;C:\Program Files\Java\jdk-17\bin\server;C:\WINDOWS\System32\DriverStore\FileRepository\u0390835.inf_amd64_66888840aa4163cc\B390488

VM Arguments:
java_command: Controlador.Principal
java_class_path (initial): E:\USUARIO\Escritorio\Mariana Montoya\INGENIERÍA INFORMÁTICA\SEMESTRE IV\TALLER DE PROGRAMACIÓN\ProyectoVeterinaria\target\classes
Launcher Type: SUN_STANDARD

[Global flags]
     intx CICompilerCount                          = 4                                         {product} {ergonomic}
     uint ConcGCThreads                            = 2                                         {product} {ergonomic}
     uint G1ConcRefinementThreads                  = 8                                         {product} {ergonomic}
   size_t G1HeapRegionSize                         = 1048576                                   {product} {ergonomic}
    uintx GCDrainStackTargetSize                   = 64                                        {product} {ergonomic}
   size_t InitialHeapSize                          = 98566144                                  {product} {ergonomic}
   size_t MarkStackSize                            = 4194304                                   {product} {ergonomic}
   size_t MaxHeapSize                              = 1574961152                                {product} {ergonomic}
   size_t MaxNewSize                               = 944766976                                 {product} {ergonomic}
   size_t MinHeapDeltaBytes                        = 1048576                                   {product} {ergonomic}
   size_t MinHeapSize                              = 8388608                                   {product} {ergonomic}
    uintx NonNMethodCodeHeapSize                   = 5839372                                {pd product} {ergonomic}
    uintx NonProfiledCodeHeapSize                  = 122909434                              {pd product} {ergonomic}
    uintx ProfiledCodeHeapSize                     = 122909434                              {pd product} {ergonomic}
    uintx ReservedCodeCacheSize                    = 251658240                              {pd product} {ergonomic}
     bool SegmentedCodeCache                       = true                                      {product} {ergonomic}
   size_t SoftMaxHeapSize                          = 1574961152                             {manageable} {ergonomic}
     bool UseCompressedClassPointers               = true                           {product lp64_product} {ergonomic}
     bool UseCompressedOops                        = true                           {product lp64_product} {ergonomic}
     bool UseG1GC                                  = true                                      {product} {ergonomic}
     bool UseLargePagesIndividualAllocation        = false                                  {pd product} {ergonomic}

Logging:
Log output configuration:
 #0: stdout all=warning uptime,level,tags
 #1: stderr all=off uptime,level,tags

Environment Variables:
JAVA_HOME=C:\Program Files\Java\jdk-17
PATH=C:\Program Files\Java\jdk-19\bin;C:\Program Files\Maven\apache-maven-3.9.4\bin;C:\Program Files\Java\jdk-11.0.13\bin;C:\WINDOWS\system32;C:\WINDOWS;C:\WINDOWS\System32\Wbem;C:\WINDOWS\System32\WindowsPowerShell\v1.0\;C:\WINDOWS\System32\OpenSSH\;C:\Program Files\Git\cmd;C:\Program Files\Common Files\Oracle\Java\javapath;C:\Program Files (x86)\HP\HP OCR\DB_Lib\;C:\Program Files\HP\Common\HPDestPlgIn\;C:\Program Files (x86)\HP\Common\HPDestPlgIn\;C:\Program Files\Java\jdk-19\bin;C:\Users\Mariana M\AppData\Local\Programs\Microsoft VS Code\bin;C:\Users\Mariana M\AppData\Local\GitHubDesktop\bin;C:\Program Files\HP\Common\HPDestPlgIn\;C:\Program Files (x86)\HP\Common\HPDestPlgIn\;C:\AppServ\Apache24\bin;C:\AppServ\php5;C:\AppServ\MySQL\bin;C:\Program Files\Maven\apache-maven-3.9.4\bin;
USERNAME=Mariana M
OS=Windows_NT
PROCESSOR_IDENTIFIER=AMD64 Family 23 Model 104 Stepping 1, AuthenticAMD



---------------  S Y S T E M  ---------------

OS:
 Windows 11 , 64 bit Build 22621 (10.0.22621.2215)
OS uptime: 1 days 13:58 hours

CPU: total 8 (initial active 8) (8 cores per cpu, 2 threads per core) family 23 model 104 stepping 1 microcode 0x0, cx8, cmov, fxsr, ht, mmx, 3dnowpref, sse, sse2, sse3, ssse3, sse4a, sse4.1, sse4.2, popcnt, lzcnt, tsc, tscinvbit, avx, avx2, aes, clmul, bmi1, bmi2, adx, sha, fma, vzeroupper, clflush, clflushopt

Memory: 4k page, system-wide physical 6005M (579M free)
TotalPageFile size 14197M (AvailPageFile size 2M)
current process WorkingSet (physical memory assigned to process): 84M, peak: 84M
current process commit charge ("private bytes"): 231M, peak: 231M

vm_info: Java HotSpot(TM) 64-Bit Server VM (17.0.6+9-LTS-190) for windows-amd64 JRE (17.0.6+9-LTS-190), built on Dec  6 2022 15:53:54 by "mach5one" with MS VC++ 17.1 (VS2022)

END.
