#
# There is insufficient memory for the Java Runtime Environment to continue.
# Native memory allocation (mmap) failed to map 98566144 bytes for G1 virtual space
# Possible reasons:
#   The system is out of physical RAM or swap space
#   The process is running with CompressedOops enabled, and the Java Heap may be blocking the growth of the native heap
# Possible solutions:
#   Reduce memory load on the system
#   Increase physical memory or swap space
#   Check if swap backing store is full
#   Decrease Java heap size (-Xmx/-Xms)
#   Decrease number of Java threads
#   Decrease Java thread stack sizes (-Xss)
#   Set larger code cache with -XX:ReservedCodeCacheSize=
#   JVM is running with Unscaled Compressed Oops mode in which the Java heap is
#     placed in the first 4GB address space. The Java Heap base address is the
#     maximum limit for the native heap growth. Please use -XX:HeapBaseMinAddress
#     to set the Java Heap base and to place the Java Heap above 4GB virtual address.
# This output file may be truncated or incomplete.
#
#  Out of Memory Error (os_windows.cpp:3550), pid=12204, tid=21500
#
# JRE version:  (17.0.6+9) (build )
# Java VM: Java HotSpot(TM) 64-Bit Server VM (17.0.6+9-LTS-190, mixed mode, sharing, tiered, compressed oops, compressed class ptrs, g1 gc, windows-amd64)
# No core dump will be written. Minidumps are not enabled by default on client versions of Windows
#

---------------  S U M M A R Y ------------

Command Line: -Dclassworlds.conf=C:\Program Files\NetBeans-14\netbeans\java\maven\bin\m2.conf -Dmaven.home=C:\Program Files\NetBeans-14\netbeans\java\maven -Dlibrary.jansi.path=C:\Program Files\NetBeans-14\netbeans\java\maven\lib\jansi-native -Dmaven.multiModuleProjectDirectory=E:\USUARIO\Escritorio\Mariana Montoya\INGENIERÍA INFORMÁTICA\SEMESTRE IV\TALLER DE PROGRAMACIÓN\ProyectoVeterinaria org.codehaus.plexus.classworlds.launcher.Launcher -Dexec.vmArgs= -Dexec.args=${exec.vmArgs} -classpath %classpath ${exec.mainClass} ${exec.appArgs} -Dexec.appArgs= -Dexec.mainClass=Controlador.Principal -Dexec.executable=C:\Program Files\Java\jdk-17\bin\java.exe -Dexec.workingdir= -Dmaven.ext.class.path=C:\Program Files\NetBeans-14\netbeans\java\maven-nblib\netbeans-eventspy.jar -Dfile.encoding=UTF-8 org.codehaus.mojo:exec-maven-plugin:3.0.0:exec

Host: AMD Ryzen 3 5300U with Radeon Graphics         , 8 cores, 5G,  Windows 11 , 64 bit Build 22621 (10.0.22621.2215)
Time: Wed Oct  4 18:27:30 2023 Hora est. Pacífico, Sudamérica elapsed time: 0.017521 seconds (0d 0h 0m 0s)

---------------  T H R E A D  ---------------

Current thread (0x000001ef16cd0a40):  JavaThread "Unknown thread" [_thread_in_vm, id=21500, stack(0x000000d307f00000,0x000000d308000000)]

Stack: [0x000000d307f00000,0x000000d308000000]
Native frames: (J=compiled Java code, j=interpreted, Vv=VM code, C=native code)
V  [jvm.dll+0x6734ea]
V  [jvm.dll+0x7d18f4]
V  [jvm.dll+0x7d309e]
V  [jvm.dll+0x7d3703]
V  [jvm.dll+0x2433c5]
V  [jvm.dll+0x6703f9]
V  [jvm.dll+0x664d32]
V  [jvm.dll+0x300086]
V  [jvm.dll+0x307606]
V  [jvm.dll+0x356c1e]
V  [jvm.dll+0x356e4f]
V  [jvm.dll+0x2d72e8]
V  [jvm.dll+0x2d8254]
V  [jvm.dll+0x7a33b1]
V  [jvm.dll+0x3647f1]
V  [jvm.dll+0x782839]
V  [jvm.dll+0x3e757f]
V  [jvm.dll+0x3e9001]
C  [jli.dll+0x5297]
C  [ucrtbase.dll+0x29363]
C  [KERNEL32.DLL+0x1257d]
C  [ntdll.dll+0x5aa68]


---------------  P R O C E S S  ---------------

Threads class SMR info:
_java_thread_list=0x00007ffdcb57e958, length=0, elements={
}

Java Threads: ( => current thread )

Other Threads:
  0x000001ef16d18aa0 GCTaskThread "GC Thread#0" [stack: 0x000000d308000000,0x000000d308100000] [id=17120]
  0x000001ef16d265b0 ConcurrentGCThread "G1 Main Marker" [stack: 0x000000d308100000,0x000000d308200000] [id=19280]
  0x000001ef16d26fd0 ConcurrentGCThread "G1 Conc#0" [stack: 0x000000d308200000,0x000000d308300000] [id=18412]

[error occurred during error reporting (printing all threads), id 0xc0000005, EXCEPTION_ACCESS_VIOLATION (0xc0000005) at pc=0x00007ffdcadb7f07]

VM state: not at safepoint (not fully initialized)

VM Mutex/Monitor currently owned by a thread:  ([mutex/lock_event])
[0x000001ef16cce190] Heap_lock - owner thread: 0x000001ef16cd0a40

Heap address: 0x00000000a2200000, size: 1502 MB, Compressed Oops mode: 32-bit

CDS archive(s) mapped at: [0x0000000000000000-0x0000000000000000-0x0000000000000000), size 0, SharedBaseAddress: 0x0000000800000000, ArchiveRelocationMode: 0.
Narrow klass base: 0x0000000000000000, Narrow klass shift: 0, Narrow klass range: 0x0

GC Precious Log:
<Empty>

Heap:
 garbage-first heap   total 0K, used 0K [0x00000000a2200000, 0x0000000100000000)
  region size 1024K, 0 young (0K), 0 survivors (0K)

[error occurred during error reporting (printing heap information), id 0xc0000005, EXCEPTION_ACCESS_VIOLATION (0xc0000005) at pc=0x00007ffdcb19c759]

GC Heap History (0 events):
No events

Deoptimization events (0 events):
No events

Classes unloaded (0 events):
No events

Classes redefined (0 events):
No events

Internal exceptions (0 events):
No events

VM Operations (0 events):
No events

Events (1 events):
Event: 0.011 Loaded shared library C:\Program Files\Java\jdk-17\bin\java.dll


Dynamic libraries:
0x00007ff6ceb80000 - 0x00007ff6ceb90000 	C:\Program Files\Java\jdk-17\bin\java.exe
0x00007ffe13290000 - 0x00007ffe134a4000 	C:\WINDOWS\SYSTEM32\ntdll.dll
0x00007ffe11f00000 - 0x00007ffe11fc4000 	C:\WINDOWS\System32\KERNEL32.DLL
0x00007ffe10c70000 - 0x00007ffe11014000 	C:\WINDOWS\System32\KERNELBASE.dll
0x00007ffe10a30000 - 0x00007ffe10b41000 	C:\WINDOWS\System32\ucrtbase.dll
0x00007ffe0d570000 - 0x00007ffe0d58b000 	C:\Program Files\Java\jdk-17\bin\VCRUNTIME140.dll
0x00007ffe01cc0000 - 0x00007ffe01cd8000 	C:\Program Files\Java\jdk-17\bin\jli.dll
0x00007ffe11fd0000 - 0x00007ffe12080000 	C:\WINDOWS\System32\ADVAPI32.dll
0x00007ffe121a0000 - 0x00007ffe12247000 	C:\WINDOWS\System32\msvcrt.dll
0x00007ffe12700000 - 0x00007ffe127a6000 	C:\WINDOWS\System32\sechost.dll
0x00007ffe12b80000 - 0x00007ffe12c97000 	C:\WINDOWS\System32\RPCRT4.dll
0x00007ffe11ce0000 - 0x00007ffe11e8e000 	C:\WINDOWS\System32\USER32.dll
0x00007ffe10910000 - 0x00007ffe10936000 	C:\WINDOWS\System32\win32u.dll
0x00007ffdf6570000 - 0x00007ffdf6803000 	C:\WINDOWS\WinSxS\amd64_microsoft.windows.common-controls_6595b64144ccf1df_6.0.22621.2215_none_270d72677387dfc3\COMCTL32.dll
0x00007ffe126d0000 - 0x00007ffe126f9000 	C:\WINDOWS\System32\GDI32.dll
0x00007ffe10b50000 - 0x00007ffe10c68000 	C:\WINDOWS\System32\gdi32full.dll
0x00007ffe10640000 - 0x00007ffe106da000 	C:\WINDOWS\System32\msvcp_win.dll
0x00007ffe07570000 - 0x00007ffe0757a000 	C:\WINDOWS\SYSTEM32\VERSION.dll
0x00007ffe127b0000 - 0x00007ffe127e1000 	C:\WINDOWS\System32\IMM32.DLL
0x00007ffe0b600000 - 0x00007ffe0b60c000 	C:\Program Files\Java\jdk-17\bin\vcruntime140_1.dll
0x00007ffe014c0000 - 0x00007ffe0154e000 	C:\Program Files\Java\jdk-17\bin\msvcp140.dll
0x00007ffdcaad0000 - 0x00007ffdcb6a7000 	C:\Program Files\Java\jdk-17\bin\server\jvm.dll
0x00007ffe120a0000 - 0x00007ffe120a8000 	C:\WINDOWS\System32\PSAPI.DLL
0x00007ffe09b90000 - 0x00007ffe09bc4000 	C:\WINDOWS\SYSTEM32\WINMM.dll
0x00007ffe0d530000 - 0x00007ffe0d539000 	C:\WINDOWS\SYSTEM32\WSOCK32.dll
0x00007ffe120b0000 - 0x00007ffe12121000 	C:\WINDOWS\System32\WS2_32.dll
0x00007ffe0f640000 - 0x00007ffe0f658000 	C:\WINDOWS\SYSTEM32\kernel.appcore.dll
0x00007ffe0b5f0000 - 0x00007ffe0b5fa000 	C:\Program Files\Java\jdk-17\bin\jimage.dll
0x00007ffe0deb0000 - 0x00007ffe0e0de000 	C:\WINDOWS\SYSTEM32\DBGHELP.DLL
0x00007ffe127f0000 - 0x00007ffe12b7a000 	C:\WINDOWS\System32\combase.dll
0x00007ffe12e00000 - 0x00007ffe12ed7000 	C:\WINDOWS\System32\OLEAUT32.dll
0x00007ffdff0f0000 - 0x00007ffdff122000 	C:\WINDOWS\SYSTEM32\dbgcore.DLL
0x00007ffe109b0000 - 0x00007ffe10a2a000 	C:\WINDOWS\System32\bcryptPrimitives.dll
0x00007ffe09cc0000 - 0x00007ffe09ce5000 	C:\Program Files\Java\jdk-17\bin\java.dll

dbghelp: loaded successfully - version: 4.0.5 - missing functions: none
symbol engine: initialized successfully - sym options: 0x614 - pdb path: .;C:\Program Files\Java\jdk-17\bin;C:\WINDOWS\SYSTEM32;C:\WINDOWS\WinSxS\amd64_microsoft.windows.common-controls_6595b64144ccf1df_6.0.22621.2215_none_270d72677387dfc3;C:\Program Files\Java\jdk-17\bin\server

VM Arguments:
jvm_args: -Dclassworlds.conf=C:\Program Files\NetBeans-14\netbeans\java\maven\bin\m2.conf -Dmaven.home=C:\Program Files\NetBeans-14\netbeans\java\maven -Dlibrary.jansi.path=C:\Program Files\NetBeans-14\netbeans\java\maven\lib\jansi-native -Dmaven.multiModuleProjectDirectory=E:\USUARIO\Escritorio\Mariana Montoya\INGENIERÍA INFORMÁTICA\SEMESTRE IV\TALLER DE PROGRAMACIÓN\ProyectoVeterinaria 
java_command: org.codehaus.plexus.classworlds.launcher.Launcher -Dexec.vmArgs= -Dexec.args=${exec.vmArgs} -classpath %classpath ${exec.mainClass} ${exec.appArgs} -Dexec.appArgs= -Dexec.mainClass=Controlador.Principal -Dexec.executable=C:\Program Files\Java\jdk-17\bin\java.exe -Dexec.workingdir= -Dmaven.ext.class.path=C:\Program Files\NetBeans-14\netbeans\java\maven-nblib\netbeans-eventspy.jar -Dfile.encoding=UTF-8 org.codehaus.mojo:exec-maven-plugin:3.0.0:exec
java_class_path (initial): C:\Program Files\NetBeans-14\netbeans\java\maven\boot\plexus-classworlds-2.6.0.jar
Launcher Type: SUN_STANDARD

[Global flags]
     intx CICompilerCount                          = 4                                         {product} {ergonomic}
     uint ConcGCThreads                            = 2                                         {product} {ergonomic}
     uint G1ConcRefinementThreads                  = 8                                         {product} {ergonomic}
   size_t G1HeapRegionSize                         = 1048576                                   {product} {ergonomic}
    uintx GCDrainStackTargetSize                   = 64                                        {product} {ergonomic}
   size_t InitialHeapSize                          = 98566144                                  {product} {ergonomic}
   size_t MarkStackSize                            = 4194304                                   {product} {ergonomic}
   size_t MaxHeapSize                              = 1574961152                                {product} {ergonomic}
   size_t MinHeapDeltaBytes                        = 1048576                                   {product} {ergonomic}
   size_t MinHeapSize                              = 8388608                                   {product} {ergonomic}
    uintx NonNMethodCodeHeapSize                   = 5839372                                {pd product} {ergonomic}
    uintx NonProfiledCodeHeapSize                  = 122909434                              {pd product} {ergonomic}
    uintx ProfiledCodeHeapSize                     = 122909434                              {pd product} {ergonomic}
    uintx ReservedCodeCacheSize                    = 251658240                              {pd product} {ergonomic}
     bool SegmentedCodeCache                       = true                                      {product} {ergonomic}
   size_t SoftMaxHeapSize                          = 1574961152                             {manageable} {ergonomic}
     bool UseCompressedClassPointers               = true                           {product lp64_product} {ergonomic}
     bool UseCompressedOops                        = true                           {product lp64_product} {ergonomic}
     bool UseG1GC                                  = true                                      {product} {ergonomic}
     bool UseLargePagesIndividualAllocation        = false                                  {pd product} {ergonomic}

Logging:
Log output configuration:
 #0: stdout all=warning uptime,level,tags
 #1: stderr all=off uptime,level,tags

Environment Variables:
JAVA_HOME=C:\Program Files\Java\jdk-17
PATH=C:\Program Files\Java\jdk-19\bin;C:\Program Files\Maven\apache-maven-3.9.4\bin;C:\Program Files\Java\jdk-11.0.13\bin;C:\WINDOWS\system32;C:\WINDOWS;C:\WINDOWS\System32\Wbem;C:\WINDOWS\System32\WindowsPowerShell\v1.0\;C:\WINDOWS\System32\OpenSSH\;C:\Program Files\Git\cmd;C:\Program Files\Common Files\Oracle\Java\javapath;C:\Program Files (x86)\HP\HP OCR\DB_Lib\;C:\Program Files\HP\Common\HPDestPlgIn\;C:\Program Files (x86)\HP\Common\HPDestPlgIn\;C:\Program Files\Java\jdk-19\bin;C:\Users\Mariana M\AppData\Local\Programs\Microsoft VS Code\bin;C:\Users\Mariana M\AppData\Local\GitHubDesktop\bin;C:\Program Files\HP\Common\HPDestPlgIn\;C:\Program Files (x86)\HP\Common\HPDestPlgIn\;C:\AppServ\Apache24\bin;C:\AppServ\php5;C:\AppServ\MySQL\bin;C:\Program Files\Maven\apache-maven-3.9.4\bin;
USERNAME=Mariana M
OS=Windows_NT
PROCESSOR_IDENTIFIER=AMD64 Family 23 Model 104 Stepping 1, AuthenticAMD



---------------  S Y S T E M  ---------------

OS:
 Windows 11 , 64 bit Build 22621 (10.0.22621.2215)
OS uptime: 5 days 19:37 hours

CPU: total 8 (initial active 8) (8 cores per cpu, 2 threads per core) family 23 model 104 stepping 1 microcode 0x0, cx8, cmov, fxsr, ht, mmx, 3dnowpref, sse, sse2, sse3, ssse3, sse4a, sse4.1, sse4.2, popcnt, lzcnt, tsc, tscinvbit, avx, avx2, aes, clmul, bmi1, bmi2, adx, sha, fma, vzeroupper, clflush, clflushopt

Memory: 4k page, system-wide physical 6005M (565M free)
TotalPageFile size 14197M (AvailPageFile size 92M)
current process WorkingSet (physical memory assigned to process): 11M, peak: 11M
current process commit charge ("private bytes"): 60M, peak: 154M

vm_info: Java HotSpot(TM) 64-Bit Server VM (17.0.6+9-LTS-190) for windows-amd64 JRE (17.0.6+9-LTS-190), built on Dec  6 2022 15:53:54 by "mach5one" with MS VC++ 17.1 (VS2022)

END.
