#
# There is insufficient memory for the Java Runtime Environment to continue.
# Native memory allocation (malloc) failed to allocate 58576 bytes for Chunk::new
# Possible reasons:
#   The system is out of physical RAM or swap space
#   The process is running with CompressedOops enabled, and the Java Heap may be blocking the growth of the native heap
# Possible solutions:
#   Reduce memory load on the system
#   Increase physical memory or swap space
#   Check if swap backing store is full
#   Decrease Java heap size (-Xmx/-Xms)
#   Decrease number of Java threads
#   Decrease Java thread stack sizes (-Xss)
#   Set larger code cache with -XX:ReservedCodeCacheSize=
#   JVM is running with Unscaled Compressed Oops mode in which the Java heap is
#     placed in the first 4GB address space. The Java Heap base address is the
#     maximum limit for the native heap growth. Please use -XX:HeapBaseMinAddress
#     to set the Java Heap base and to place the Java Heap above 4GB virtual address.
# This output file may be truncated or incomplete.
#
#  Out of Memory Error (arena.cpp:189), pid=9056, tid=2848
#
# JRE version: Java(TM) SE Runtime Environment (17.0.6+9) (build 17.0.6+9-LTS-190)
# Java VM: Java HotSpot(TM) 64-Bit Server VM (17.0.6+9-LTS-190, mixed mode, sharing, tiered, compressed oops, compressed class ptrs, g1 gc, windows-amd64)
# No core dump will be written. Minidumps are not enabled by default on client versions of Windows
#

---------------  S U M M A R Y ------------

Command Line: Controlador.Principal

Host: AMD Ryzen 3 5300U with Radeon Graphics         , 8 cores, 5G,  Windows 11 , 64 bit Build 22621 (10.0.22621.2215)
Time: Wed Oct  4 18:32:57 2023 Hora est. Pacífico, Sudamérica elapsed time: 1.060499 seconds (0d 0h 0m 1s)

---------------  T H R E A D  ---------------

Current thread (0x0000021453c733e0):  JavaThread "C2 CompilerThread0" daemon [_thread_in_native, id=2848, stack(0x000000d1d5800000,0x000000d1d5900000)]


Current CompileTask:
C2:   1060  589       4       java.lang.StringLatin1::replace (198 bytes)

Stack: [0x000000d1d5800000,0x000000d1d5900000]
Native frames: (J=compiled Java code, j=interpreted, Vv=VM code, C=native code)
V  [jvm.dll+0x6734ea]
V  [jvm.dll+0x7d18f4]
V  [jvm.dll+0x7d309e]
V  [jvm.dll+0x7d3703]
V  [jvm.dll+0x2433c5]
V  [jvm.dll+0xaa46b]
V  [jvm.dll+0xaaa0c]
V  [jvm.dll+0x2a8b1f]
V  [jvm.dll+0x57bf85]
V  [jvm.dll+0x21e142]
V  [jvm.dll+0x217500]
V  [jvm.dll+0x215109]
V  [jvm.dll+0x1a1730]
V  [jvm.dll+0x224b6e]
V  [jvm.dll+0x222f15]
V  [jvm.dll+0x78753c]
V  [jvm.dll+0x781a7a]
V  [jvm.dll+0x672375]
C  [ucrtbase.dll+0x29363]
C  [KERNEL32.DLL+0x1257d]
C  [ntdll.dll+0x5aa68]


---------------  P R O C E S S  ---------------

Threads class SMR info:
_java_thread_list=0x00000214559b8c90, length=17, elements={
0x0000021434f8b4b0, 0x0000021453c55890, 0x0000021453c57710, 0x0000021453c6e730,
0x0000021453c6f2e0, 0x0000021453c71ca0, 0x0000021453c72650, 0x0000021453c733e0,
0x0000021453c74da0, 0x0000021453c756a0, 0x00000214548a57e0, 0x00000214548a8a90,
0x0000021454adab00, 0x0000021454aa59e0, 0x0000021454aa62c0, 0x000002145596b0a0,
0x0000021454bfe930
}

Java Threads: ( => current thread )
  0x0000021434f8b4b0 JavaThread "main" [_thread_in_vm, id=20744, stack(0x000000d1d4b00000,0x000000d1d4c00000)]
  0x0000021453c55890 JavaThread "Reference Handler" daemon [_thread_blocked, id=13704, stack(0x000000d1d5200000,0x000000d1d5300000)]
  0x0000021453c57710 JavaThread "Finalizer" daemon [_thread_blocked, id=3664, stack(0x000000d1d5300000,0x000000d1d5400000)]
  0x0000021453c6e730 JavaThread "Signal Dispatcher" daemon [_thread_blocked, id=11828, stack(0x000000d1d5400000,0x000000d1d5500000)]
  0x0000021453c6f2e0 JavaThread "Attach Listener" daemon [_thread_blocked, id=11408, stack(0x000000d1d5500000,0x000000d1d5600000)]
  0x0000021453c71ca0 JavaThread "Service Thread" daemon [_thread_blocked, id=20396, stack(0x000000d1d5600000,0x000000d1d5700000)]
  0x0000021453c72650 JavaThread "Monitor Deflation Thread" daemon [_thread_blocked, id=19936, stack(0x000000d1d5700000,0x000000d1d5800000)]
=>0x0000021453c733e0 JavaThread "C2 CompilerThread0" daemon [_thread_in_native, id=2848, stack(0x000000d1d5800000,0x000000d1d5900000)]
  0x0000021453c74da0 JavaThread "C1 CompilerThread0" daemon [_thread_blocked, id=21392, stack(0x000000d1d5900000,0x000000d1d5a00000)]
  0x0000021453c756a0 JavaThread "Sweeper thread" daemon [_thread_blocked, id=20356, stack(0x000000d1d5a00000,0x000000d1d5b00000)]
  0x00000214548a57e0 JavaThread "Notification Thread" daemon [_thread_blocked, id=17100, stack(0x000000d1d5b00000,0x000000d1d5c00000)]
  0x00000214548a8a90 JavaThread "Common-Cleaner" daemon [_thread_blocked, id=3564, stack(0x000000d1d5d00000,0x000000d1d5e00000)]
  0x0000021454adab00 JavaThread "Java2D Disposer" daemon [_thread_blocked, id=1920, stack(0x000000d1d5e00000,0x000000d1d5f00000)]
  0x0000021454aa59e0 JavaThread "AWT-Shutdown" [_thread_blocked, id=2892, stack(0x000000d1d5f00000,0x000000d1d6000000)]
  0x0000021454aa62c0 JavaThread "AWT-Windows" daemon [_thread_in_native, id=15484, stack(0x000000d1d6000000,0x000000d1d6100000)]
  0x000002145596b0a0 JavaThread "AWT-EventQueue-0" [_thread_blocked, id=17632, stack(0x000000d1d6300000,0x000000d1d6400000)]
  0x0000021454bfe930 JavaThread "Image Fetcher 0" daemon [_thread_blocked, id=14988, stack(0x000000d1d6400000,0x000000d1d6500000)]

Other Threads:
  0x0000021453c4fc90 VMThread "VM Thread" [stack: 0x000000d1d5100000,0x000000d1d5200000] [id=7940]
  0x0000021434febcc0 WatcherThread [stack: 0x000000d1d5c00000,0x000000d1d5d00000] [id=8940]
  0x0000021434fd74d0 GCTaskThread "GC Thread#0" [stack: 0x000000d1d4c00000,0x000000d1d4d00000] [id=16876]
  0x0000021434fe3fd0 ConcurrentGCThread "G1 Main Marker" [stack: 0x000000d1d4d00000,0x000000d1d4e00000] [id=8776]
  0x0000021434fe59f0 ConcurrentGCThread "G1 Conc#0" [stack: 0x000000d1d4e00000,0x000000d1d4f00000] [id=4084]
  0x000002143505a490 ConcurrentGCThread "G1 Refine#0" [stack: 0x000000d1d4f00000,0x000000d1d5000000] [id=3384]
  0x000002143505aeb0 ConcurrentGCThread "G1 Service" [stack: 0x000000d1d5000000,0x000000d1d5100000] [id=20500]

Threads with active compile tasks:
C2 CompilerThread0     1112  589       4       java.lang.StringLatin1::replace (198 bytes)

VM state: not at safepoint (normal execution)

VM Mutex/Monitor currently owned by a thread:  ([mutex/lock_event])
[0x0000021434f85d30] Metaspace_lock - owner thread: 0x0000021434f8b4b0

Heap address: 0x00000000a2200000, size: 1502 MB, Compressed Oops mode: 32-bit

CDS archive(s) mapped at: [0x0000000800000000-0x0000000800bd0000-0x0000000800bd0000), size 12386304, SharedBaseAddress: 0x0000000800000000, ArchiveRelocationMode: 0.
Compressed class space mapped at: 0x0000000800c00000-0x0000000840c00000, reserved size: 1073741824
Narrow klass base: 0x0000000800000000, Narrow klass shift: 0, Narrow klass range: 0x100000000

GC Precious Log:
 CPUs: 8 total, 8 available
 Memory: 6005M
 Large Page Support: Disabled
 NUMA Support: Disabled
 Compressed Oops: Enabled (32-bit)
 Heap Region Size: 1M
 Heap Min Capacity: 8M
 Heap Initial Capacity: 94M
 Heap Max Capacity: 1502M
 Pre-touch: Disabled
 Parallel Workers: 8
 Concurrent Workers: 2
 Concurrent Refinement Workers: 8
 Periodic GC: Disabled

Heap:
 garbage-first heap   total 96256K, used 6144K [0x00000000a2200000, 0x0000000100000000)
  region size 1024K, 7 young (7168K), 0 survivors (0K)
 Metaspace       used 7779K, committed 8000K, reserved 1056768K
  class space    used 949K, committed 1088K, reserved 1048576K

Heap Regions: E=young(eden), S=young(survivor), O=old, HS=humongous(starts), HC=humongous(continues), CS=collection set, F=free, OA=open archive, CA=closed archive, TAMS=top-at-mark-start (previous, next)
|   0|0x00000000a2200000, 0x00000000a2200000, 0x00000000a2300000|  0%| F|  |TAMS 0x00000000a2200000, 0x00000000a2200000| Untracked 
|   1|0x00000000a2300000, 0x00000000a2300000, 0x00000000a2400000|  0%| F|  |TAMS 0x00000000a2300000, 0x00000000a2300000| Untracked 
|   2|0x00000000a2400000, 0x00000000a2400000, 0x00000000a2500000|  0%| F|  |TAMS 0x00000000a2400000, 0x00000000a2400000| Untracked 
|   3|0x00000000a2500000, 0x00000000a2500000, 0x00000000a2600000|  0%| F|  |TAMS 0x00000000a2500000, 0x00000000a2500000| Untracked 
|   4|0x00000000a2600000, 0x00000000a2600000, 0x00000000a2700000|  0%| F|  |TAMS 0x00000000a2600000, 0x00000000a2600000| Untracked 
|   5|0x00000000a2700000, 0x00000000a2700000, 0x00000000a2800000|  0%| F|  |TAMS 0x00000000a2700000, 0x00000000a2700000| Untracked 
|   6|0x00000000a2800000, 0x00000000a2800000, 0x00000000a2900000|  0%| F|  |TAMS 0x00000000a2800000, 0x00000000a2800000| Untracked 
|   7|0x00000000a2900000, 0x00000000a2900000, 0x00000000a2a00000|  0%| F|  |TAMS 0x00000000a2900000, 0x00000000a2900000| Untracked 
|   8|0x00000000a2a00000, 0x00000000a2a00000, 0x00000000a2b00000|  0%| F|  |TAMS 0x00000000a2a00000, 0x00000000a2a00000| Untracked 
|   9|0x00000000a2b00000, 0x00000000a2b00000, 0x00000000a2c00000|  0%| F|  |TAMS 0x00000000a2b00000, 0x00000000a2b00000| Untracked 
|  10|0x00000000a2c00000, 0x00000000a2c00000, 0x00000000a2d00000|  0%| F|  |TAMS 0x00000000a2c00000, 0x00000000a2c00000| Untracked 
|  11|0x00000000a2d00000, 0x00000000a2d00000, 0x00000000a2e00000|  0%| F|  |TAMS 0x00000000a2d00000, 0x00000000a2d00000| Untracked 
|  12|0x00000000a2e00000, 0x00000000a2e00000, 0x00000000a2f00000|  0%| F|  |TAMS 0x00000000a2e00000, 0x00000000a2e00000| Untracked 
|  13|0x00000000a2f00000, 0x00000000a2f00000, 0x00000000a3000000|  0%| F|  |TAMS 0x00000000a2f00000, 0x00000000a2f00000| Untracked 
|  14|0x00000000a3000000, 0x00000000a3000000, 0x00000000a3100000|  0%| F|  |TAMS 0x00000000a3000000, 0x00000000a3000000| Untracked 
|  15|0x00000000a3100000, 0x00000000a3100000, 0x00000000a3200000|  0%| F|  |TAMS 0x00000000a3100000, 0x00000000a3100000| Untracked 
|  16|0x00000000a3200000, 0x00000000a3200000, 0x00000000a3300000|  0%| F|  |TAMS 0x00000000a3200000, 0x00000000a3200000| Untracked 
|  17|0x00000000a3300000, 0x00000000a3300000, 0x00000000a3400000|  0%| F|  |TAMS 0x00000000a3300000, 0x00000000a3300000| Untracked 
|  18|0x00000000a3400000, 0x00000000a3400000, 0x00000000a3500000|  0%| F|  |TAMS 0x00000000a3400000, 0x00000000a3400000| Untracked 
|  19|0x00000000a3500000, 0x00000000a3500000, 0x00000000a3600000|  0%| F|  |TAMS 0x00000000a3500000, 0x00000000a3500000| Untracked 
|  20|0x00000000a3600000, 0x00000000a3600000, 0x00000000a3700000|  0%| F|  |TAMS 0x00000000a3600000, 0x00000000a3600000| Untracked 
|  21|0x00000000a3700000, 0x00000000a3700000, 0x00000000a3800000|  0%| F|  |TAMS 0x00000000a3700000, 0x00000000a3700000| Untracked 
|  22|0x00000000a3800000, 0x00000000a3800000, 0x00000000a3900000|  0%| F|  |TAMS 0x00000000a3800000, 0x00000000a3800000| Untracked 
|  23|0x00000000a3900000, 0x00000000a3900000, 0x00000000a3a00000|  0%| F|  |TAMS 0x00000000a3900000, 0x00000000a3900000| Untracked 
|  24|0x00000000a3a00000, 0x00000000a3a00000, 0x00000000a3b00000|  0%| F|  |TAMS 0x00000000a3a00000, 0x00000000a3a00000| Untracked 
|  25|0x00000000a3b00000, 0x00000000a3b00000, 0x00000000a3c00000|  0%| F|  |TAMS 0x00000000a3b00000, 0x00000000a3b00000| Untracked 
|  26|0x00000000a3c00000, 0x00000000a3c00000, 0x00000000a3d00000|  0%| F|  |TAMS 0x00000000a3c00000, 0x00000000a3c00000| Untracked 
|  27|0x00000000a3d00000, 0x00000000a3d00000, 0x00000000a3e00000|  0%| F|  |TAMS 0x00000000a3d00000, 0x00000000a3d00000| Untracked 
|  28|0x00000000a3e00000, 0x00000000a3e00000, 0x00000000a3f00000|  0%| F|  |TAMS 0x00000000a3e00000, 0x00000000a3e00000| Untracked 
|  29|0x00000000a3f00000, 0x00000000a3f00000, 0x00000000a4000000|  0%| F|  |TAMS 0x00000000a3f00000, 0x00000000a3f00000| Untracked 
|  30|0x00000000a4000000, 0x00000000a4000000, 0x00000000a4100000|  0%| F|  |TAMS 0x00000000a4000000, 0x00000000a4000000| Untracked 
|  31|0x00000000a4100000, 0x00000000a4100000, 0x00000000a4200000|  0%| F|  |TAMS 0x00000000a4100000, 0x00000000a4100000| Untracked 
|  32|0x00000000a4200000, 0x00000000a4200000, 0x00000000a4300000|  0%| F|  |TAMS 0x00000000a4200000, 0x00000000a4200000| Untracked 
|  33|0x00000000a4300000, 0x00000000a4300000, 0x00000000a4400000|  0%| F|  |TAMS 0x00000000a4300000, 0x00000000a4300000| Untracked 
|  34|0x00000000a4400000, 0x00000000a4400000, 0x00000000a4500000|  0%| F|  |TAMS 0x00000000a4400000, 0x00000000a4400000| Untracked 
|  35|0x00000000a4500000, 0x00000000a4500000, 0x00000000a4600000|  0%| F|  |TAMS 0x00000000a4500000, 0x00000000a4500000| Untracked 
|  36|0x00000000a4600000, 0x00000000a4600000, 0x00000000a4700000|  0%| F|  |TAMS 0x00000000a4600000, 0x00000000a4600000| Untracked 
|  37|0x00000000a4700000, 0x00000000a4700000, 0x00000000a4800000|  0%| F|  |TAMS 0x00000000a4700000, 0x00000000a4700000| Untracked 
|  38|0x00000000a4800000, 0x00000000a4800000, 0x00000000a4900000|  0%| F|  |TAMS 0x00000000a4800000, 0x00000000a4800000| Untracked 
|  39|0x00000000a4900000, 0x00000000a4900000, 0x00000000a4a00000|  0%| F|  |TAMS 0x00000000a4900000, 0x00000000a4900000| Untracked 
|  40|0x00000000a4a00000, 0x00000000a4a00000, 0x00000000a4b00000|  0%| F|  |TAMS 0x00000000a4a00000, 0x00000000a4a00000| Untracked 
|  41|0x00000000a4b00000, 0x00000000a4b00000, 0x00000000a4c00000|  0%| F|  |TAMS 0x00000000a4b00000, 0x00000000a4b00000| Untracked 
|  42|0x00000000a4c00000, 0x00000000a4c00000, 0x00000000a4d00000|  0%| F|  |TAMS 0x00000000a4c00000, 0x00000000a4c00000| Untracked 
|  43|0x00000000a4d00000, 0x00000000a4d00000, 0x00000000a4e00000|  0%| F|  |TAMS 0x00000000a4d00000, 0x00000000a4d00000| Untracked 
|  44|0x00000000a4e00000, 0x00000000a4e00000, 0x00000000a4f00000|  0%| F|  |TAMS 0x00000000a4e00000, 0x00000000a4e00000| Untracked 
|  45|0x00000000a4f00000, 0x00000000a4f00000, 0x00000000a5000000|  0%| F|  |TAMS 0x00000000a4f00000, 0x00000000a4f00000| Untracked 
|  46|0x00000000a5000000, 0x00000000a5000000, 0x00000000a5100000|  0%| F|  |TAMS 0x00000000a5000000, 0x00000000a5000000| Untracked 
|  47|0x00000000a5100000, 0x00000000a5100000, 0x00000000a5200000|  0%| F|  |TAMS 0x00000000a5100000, 0x00000000a5100000| Untracked 
|  48|0x00000000a5200000, 0x00000000a5200000, 0x00000000a5300000|  0%| F|  |TAMS 0x00000000a5200000, 0x00000000a5200000| Untracked 
|  49|0x00000000a5300000, 0x00000000a5300000, 0x00000000a5400000|  0%| F|  |TAMS 0x00000000a5300000, 0x00000000a5300000| Untracked 
|  50|0x00000000a5400000, 0x00000000a5400000, 0x00000000a5500000|  0%| F|  |TAMS 0x00000000a5400000, 0x00000000a5400000| Untracked 
|  51|0x00000000a5500000, 0x00000000a5500000, 0x00000000a5600000|  0%| F|  |TAMS 0x00000000a5500000, 0x00000000a5500000| Untracked 
|  52|0x00000000a5600000, 0x00000000a5600000, 0x00000000a5700000|  0%| F|  |TAMS 0x00000000a5600000, 0x00000000a5600000| Untracked 
|  53|0x00000000a5700000, 0x00000000a5700000, 0x00000000a5800000|  0%| F|  |TAMS 0x00000000a5700000, 0x00000000a5700000| Untracked 
|  54|0x00000000a5800000, 0x00000000a5800000, 0x00000000a5900000|  0%| F|  |TAMS 0x00000000a5800000, 0x00000000a5800000| Untracked 
|  55|0x00000000a5900000, 0x00000000a5900000, 0x00000000a5a00000|  0%| F|  |TAMS 0x00000000a5900000, 0x00000000a5900000| Untracked 
|  56|0x00000000a5a00000, 0x00000000a5a00000, 0x00000000a5b00000|  0%| F|  |TAMS 0x00000000a5a00000, 0x00000000a5a00000| Untracked 
|  57|0x00000000a5b00000, 0x00000000a5b00000, 0x00000000a5c00000|  0%| F|  |TAMS 0x00000000a5b00000, 0x00000000a5b00000| Untracked 
|  58|0x00000000a5c00000, 0x00000000a5c00000, 0x00000000a5d00000|  0%| F|  |TAMS 0x00000000a5c00000, 0x00000000a5c00000| Untracked 
|  59|0x00000000a5d00000, 0x00000000a5d00000, 0x00000000a5e00000|  0%| F|  |TAMS 0x00000000a5d00000, 0x00000000a5d00000| Untracked 
|  60|0x00000000a5e00000, 0x00000000a5e00000, 0x00000000a5f00000|  0%| F|  |TAMS 0x00000000a5e00000, 0x00000000a5e00000| Untracked 
|  61|0x00000000a5f00000, 0x00000000a5f00000, 0x00000000a6000000|  0%| F|  |TAMS 0x00000000a5f00000, 0x00000000a5f00000| Untracked 
|  62|0x00000000a6000000, 0x00000000a6000000, 0x00000000a6100000|  0%| F|  |TAMS 0x00000000a6000000, 0x00000000a6000000| Untracked 
|  63|0x00000000a6100000, 0x00000000a6100000, 0x00000000a6200000|  0%| F|  |TAMS 0x00000000a6100000, 0x00000000a6100000| Untracked 
|  64|0x00000000a6200000, 0x00000000a6200000, 0x00000000a6300000|  0%| F|  |TAMS 0x00000000a6200000, 0x00000000a6200000| Untracked 
|  65|0x00000000a6300000, 0x00000000a6300000, 0x00000000a6400000|  0%| F|  |TAMS 0x00000000a6300000, 0x00000000a6300000| Untracked 
|  66|0x00000000a6400000, 0x00000000a6400000, 0x00000000a6500000|  0%| F|  |TAMS 0x00000000a6400000, 0x00000000a6400000| Untracked 
|  67|0x00000000a6500000, 0x00000000a6500000, 0x00000000a6600000|  0%| F|  |TAMS 0x00000000a6500000, 0x00000000a6500000| Untracked 
|  68|0x00000000a6600000, 0x00000000a6600000, 0x00000000a6700000|  0%| F|  |TAMS 0x00000000a6600000, 0x00000000a6600000| Untracked 
|  69|0x00000000a6700000, 0x00000000a6700000, 0x00000000a6800000|  0%| F|  |TAMS 0x00000000a6700000, 0x00000000a6700000| Untracked 
|  70|0x00000000a6800000, 0x00000000a6800000, 0x00000000a6900000|  0%| F|  |TAMS 0x00000000a6800000, 0x00000000a6800000| Untracked 
|  71|0x00000000a6900000, 0x00000000a6900000, 0x00000000a6a00000|  0%| F|  |TAMS 0x00000000a6900000, 0x00000000a6900000| Untracked 
|  72|0x00000000a6a00000, 0x00000000a6a00000, 0x00000000a6b00000|  0%| F|  |TAMS 0x00000000a6a00000, 0x00000000a6a00000| Untracked 
|  73|0x00000000a6b00000, 0x00000000a6b00000, 0x00000000a6c00000|  0%| F|  |TAMS 0x00000000a6b00000, 0x00000000a6b00000| Untracked 
|  74|0x00000000a6c00000, 0x00000000a6c00000, 0x00000000a6d00000|  0%| F|  |TAMS 0x00000000a6c00000, 0x00000000a6c00000| Untracked 
|  75|0x00000000a6d00000, 0x00000000a6d00000, 0x00000000a6e00000|  0%| F|  |TAMS 0x00000000a6d00000, 0x00000000a6d00000| Untracked 
|  76|0x00000000a6e00000, 0x00000000a6e00000, 0x00000000a6f00000|  0%| F|  |TAMS 0x00000000a6e00000, 0x00000000a6e00000| Untracked 
|  77|0x00000000a6f00000, 0x00000000a6f00000, 0x00000000a7000000|  0%| F|  |TAMS 0x00000000a6f00000, 0x00000000a6f00000| Untracked 
|  78|0x00000000a7000000, 0x00000000a7000000, 0x00000000a7100000|  0%| F|  |TAMS 0x00000000a7000000, 0x00000000a7000000| Untracked 
|  79|0x00000000a7100000, 0x00000000a7100000, 0x00000000a7200000|  0%| F|  |TAMS 0x00000000a7100000, 0x00000000a7100000| Untracked 
|  80|0x00000000a7200000, 0x00000000a7200000, 0x00000000a7300000|  0%| F|  |TAMS 0x00000000a7200000, 0x00000000a7200000| Untracked 
|  81|0x00000000a7300000, 0x00000000a7300000, 0x00000000a7400000|  0%| F|  |TAMS 0x00000000a7300000, 0x00000000a7300000| Untracked 
|  82|0x00000000a7400000, 0x00000000a7400000, 0x00000000a7500000|  0%| F|  |TAMS 0x00000000a7400000, 0x00000000a7400000| Untracked 
|  83|0x00000000a7500000, 0x00000000a7500000, 0x00000000a7600000|  0%| F|  |TAMS 0x00000000a7500000, 0x00000000a7500000| Untracked 
|  84|0x00000000a7600000, 0x00000000a7600000, 0x00000000a7700000|  0%| F|  |TAMS 0x00000000a7600000, 0x00000000a7600000| Untracked 
|  85|0x00000000a7700000, 0x00000000a7700000, 0x00000000a7800000|  0%| F|  |TAMS 0x00000000a7700000, 0x00000000a7700000| Untracked 
|  86|0x00000000a7800000, 0x00000000a7800000, 0x00000000a7900000|  0%| F|  |TAMS 0x00000000a7800000, 0x00000000a7800000| Untracked 
|  87|0x00000000a7900000, 0x00000000a7976370, 0x00000000a7a00000| 46%| E|  |TAMS 0x00000000a7900000, 0x00000000a7900000| Complete 
|  88|0x00000000a7a00000, 0x00000000a7b00000, 0x00000000a7b00000|100%| E|CS|TAMS 0x00000000a7a00000, 0x00000000a7a00000| Complete 
|  89|0x00000000a7b00000, 0x00000000a7c00000, 0x00000000a7c00000|100%| E|CS|TAMS 0x00000000a7b00000, 0x00000000a7b00000| Complete 
|  90|0x00000000a7c00000, 0x00000000a7d00000, 0x00000000a7d00000|100%| E|CS|TAMS 0x00000000a7c00000, 0x00000000a7c00000| Complete 
|  91|0x00000000a7d00000, 0x00000000a7e00000, 0x00000000a7e00000|100%| E|CS|TAMS 0x00000000a7d00000, 0x00000000a7d00000| Complete 
|  92|0x00000000a7e00000, 0x00000000a7f00000, 0x00000000a7f00000|100%| E|CS|TAMS 0x00000000a7e00000, 0x00000000a7e00000| Complete 
|  93|0x00000000a7f00000, 0x00000000a8000000, 0x00000000a8000000|100%| E|CS|TAMS 0x00000000a7f00000, 0x00000000a7f00000| Complete 

Card table byte_map: [0x000002144dd40000,0x000002144e030000] _byte_map_base: 0x000002144d82f000

Marking Bits (Prev, Next): (CMBitMap*) 0x0000021434fd7ae0, (CMBitMap*) 0x0000021434fd7b20
 Prev Bits: [0x000002144e320000, 0x000002144fa98000)
 Next Bits: [0x000002144faa0000, 0x0000021451218000)

Polling page: 0x0000021435060000

Metaspace:

Usage:
  Non-class:      6.67 MB used.
      Class:    949.93 KB used.
       Both:      7.60 MB used.

Virtual space:
  Non-class space:        8.00 MB reserved,       6.75 MB ( 84%) committed,  1 nodes.
      Class space:        1.00 GB reserved,       1.06 MB ( <1%) committed,  1 nodes.
             Both:        1.01 GB reserved,       7.81 MB ( <1%) committed. 

Chunk freelists:
   Non-Class:  1010.00 KB
       Class:  2.99 MB
        Both:  3.98 MB

MaxMetaspaceSize: unlimited
CompressedClassSpaceSize: 1.00 GB
Initial GC threshold: 21.00 MB
Current GC threshold: 21.00 MB
CDS: on
MetaspaceReclaimPolicy: balanced
 - commit_granule_bytes: 65536.
 - commit_granule_words: 8192.
 - virtual_space_node_default_size: 1048576.
 - enlarge_chunks_in_place: 1.
 - new_chunks_are_fully_committed: 0.
 - uncommit_free_chunks: 1.
 - use_allocation_guard: 0.
 - handle_deallocations: 1.


Internal statistics:

num_allocs_failed_limit: 0.
num_arena_births: 114.
num_arena_deaths: 0.
num_vsnodes_births: 2.
num_vsnodes_deaths: 0.
num_space_committed: 125.
num_space_uncommitted: 0.
num_chunks_returned_to_freelist: 0.
num_chunks_taken_from_freelist: 166.
num_chunk_merges: 0.
num_chunk_splits: 88.
num_chunks_enlarged: 23.
num_purges: 0.
num_inconsistent_stats: 0.

CodeHeap 'non-profiled nmethods': size=120000Kb used=163Kb max_used=163Kb free=119836Kb
 bounds [0x0000021445ac0000, 0x0000021445d30000, 0x000002144cff0000]
CodeHeap 'profiled nmethods': size=120000Kb used=1004Kb max_used=1004Kb free=118995Kb
 bounds [0x000002143dff0000, 0x000002143e260000, 0x0000021445520000]
CodeHeap 'non-nmethods': size=5760Kb used=1245Kb max_used=1253Kb free=4514Kb
 bounds [0x0000021445520000, 0x0000021445790000, 0x0000021445ac0000]
 total_blobs=1215 nmethods=650 adapters=478
 compilation: enabled
              stopped_count=0, restarted_count=0
 full_count=0

Compilation events (20 events):
Event: 1.043 Thread 0x0000021453c74da0  579       1       sun.java2d.loops.CompositeType::getSuperType (5 bytes)
Event: 1.043 Thread 0x0000021453c74da0 nmethod 579 0x0000021445ae6690 code [0x0000021445ae6820, 0x0000021445ae68f8]
Event: 1.043 Thread 0x0000021453c74da0  580       3       java.util.Arrays::binarySearch0 (95 bytes)
Event: 1.043 Thread 0x0000021453c74da0 nmethod 580 0x000002143e0cf710 code [0x000002143e0cf8e0, 0x000002143e0cfd18]
Event: 1.043 Thread 0x0000021453c74da0  581       3       sun.java2d.loops.GraphicsPrimitiveMgr::locate (104 bytes)
Event: 1.044 Thread 0x0000021453c74da0 nmethod 581 0x000002143e0cfe90 code [0x000002143e0d00c0, 0x000002143e0d0b38]
Event: 1.044 Thread 0x0000021453c74da0  582       3       java.util.Arrays::binarySearch (10 bytes)
Event: 1.044 Thread 0x0000021453c74da0 nmethod 582 0x000002143e0d0d90 code [0x000002143e0d0f20, 0x000002143e0d1048]
Event: 1.044 Thread 0x0000021453c74da0  583       1       sun.java2d.loops.SurfaceType::getSuperType (5 bytes)
Event: 1.044 Thread 0x0000021453c733e0 nmethod 577 0x0000021445ae6990 code [0x0000021445ae6b20, 0x0000021445ae6c58]
Event: 1.044 Thread 0x0000021453c733e0  584       4       sun.java2d.loops.GraphicsPrimitiveMgr$2::compare (39 bytes)
Event: 1.044 Thread 0x0000021453c74da0 nmethod 583 0x0000021445ae6d90 code [0x0000021445ae6f20, 0x0000021445ae6ff8]
Event: 1.045 Thread 0x0000021453c733e0 nmethod 584 0x0000021445ae7090 code [0x0000021445ae7220, 0x0000021445ae7338]
Event: 1.047 Thread 0x0000021453c74da0  586       3       sun.invoke.util.VerifyAccess::isTypeVisible (47 bytes)
Event: 1.048 Thread 0x0000021453c74da0 nmethod 586 0x000002143e0d1110 code [0x000002143e0d1300, 0x000002143e0d1718]
Event: 1.048 Thread 0x0000021453c74da0  588       3       jdk.internal.org.objectweb.asm.SymbolTable::addTypeInternal (85 bytes)
Event: 1.048 Thread 0x0000021453c733e0  589       4       java.lang.StringLatin1::replace (198 bytes)
Event: 1.048 Thread 0x0000021453c74da0 nmethod 588 0x000002143e0d1910 code [0x000002143e0d1ae0, 0x000002143e0d2138]
Event: 1.048 Thread 0x0000021453c74da0  587       3       jdk.internal.org.objectweb.asm.MethodWriter::visitTypeInsn (116 bytes)
Event: 1.048 Thread 0x0000021453c74da0 nmethod 587 0x000002143e0d2310 code [0x000002143e0d2500, 0x000002143e0d2908]

GC Heap History (0 events):
No events

Deoptimization events (0 events):
No events

Classes unloaded (0 events):
No events

Classes redefined (0 events):
No events

Internal exceptions (13 events):
Event: 0.237 Thread 0x0000021434f8b4b0 Exception <a 'java/lang/ClassNotFoundException'{0x00000000a7e57b48}: sun/awt/resources/spi/awtProvider> (0x00000000a7e57b48) 
thrown [s\open\src\hotspot\share\classfile\systemDictionary.cpp, line 256]
Event: 0.284 Thread 0x0000021434f8b4b0 Exception <a 'java/io/FileNotFoundException'{0x00000000a7eb0858}> (0x00000000a7eb0858) 
thrown [s\open\src\hotspot\share\prims\jni.cpp, line 516]
Event: 0.295 Thread 0x0000021434f8b4b0 Exception <a 'java/io/FileNotFoundException'{0x00000000a7edd840}> (0x00000000a7edd840) 
thrown [s\open\src\hotspot\share\prims\jni.cpp, line 516]
Event: 0.404 Thread 0x0000021434f8b4b0 Exception <a 'java/lang/NoSuchMethodError'{0x00000000a7d28a80}: 'java.lang.Object java.lang.invoke.DirectMethodHandle$Holder.invokeStaticInit(java.lang.Object)'> (0x00000000a7d28a80) 
thrown [s\open\src\hotspot\share\interpreter\linkResolver.cpp, line 759]
Event: 0.588 Thread 0x0000021434f8b4b0 Exception <a 'java/lang/NoSuchMethodError'{0x00000000a7d729b8}: 'void java.lang.invoke.DirectMethodHandle$Holder.invokeSpecial(java.lang.Object, java.lang.Object, java.lang.Object)'> (0x00000000a7d729b8) 
thrown [s\open\src\hotspot\share\interpreter\linkResolver.cpp, line 759]
Event: 0.608 Thread 0x0000021434f8b4b0 Exception <a 'java/lang/NoSuchMethodError'{0x00000000a7c12fa0}: 'java.lang.Object java.lang.invoke.DirectMethodHandle$Holder.newInvokeSpecial(java.lang.Object, java.lang.Object, java.lang.Object, java.lang.Object, java.lang.Object)'> (0x00000000a7c12fa0) 
thrown [s\open\src\hotspot\share\interpreter\linkResolver.cpp, line 759]
Event: 0.610 Thread 0x0000021434f8b4b0 Exception <a 'java/lang/NoSuchMethodError'{0x00000000a7c1e968}: 'java.lang.Object java.lang.invoke.DirectMethodHandle$Holder.invokeStatic(java.lang.Object, int, java.lang.Object, java.lang.Object, java.lang.Object, java.lang.Object)'> (0x00000000a7c1e968) 
thrown [s\open\src\hotspot\share\interpreter\linkResolver.cpp, line 759]
Event: 0.618 Thread 0x0000021434f8b4b0 Exception <a 'java/lang/NoSuchMethodError'{0x00000000a7c44128}: 'java.lang.Object java.lang.invoke.DirectMethodHandle$Holder.invokeStatic(java.lang.Object, int, java.lang.Object)'> (0x00000000a7c44128) 
thrown [s\open\src\hotspot\share\interpreter\linkResolver.cpp, line 759]
Event: 0.660 Thread 0x0000021434f8b4b0 Exception <a 'java/lang/ClassNotFoundException'{0x00000000a7cfcfa0}: com/sun/swing/internal/plaf/metal/resources/spi/metalProvider> (0x00000000a7cfcfa0) 
thrown [s\open\src\hotspot\share\classfile\systemDictionary.cpp, line 256]
Event: 0.662 Thread 0x0000021434f8b4b0 Exception <a 'java/lang/ClassNotFoundException'{0x00000000a7b01310}: com/sun/swing/internal/plaf/basic/resources/spi/basicProvider> (0x00000000a7b01310) 
thrown [s\open\src\hotspot\share\classfile\systemDictionary.cpp, line 256]
Event: 0.913 Thread 0x0000021454bfe930 Exception <a 'java/lang/NoSuchMethodError'{0x00000000a7bfada8}: 'java.lang.Object java.lang.invoke.DirectMethodHandle$Holder.newInvokeSpecial(java.lang.Object, java.lang.Object, java.lang.Object, int, int, int, int, int)'> (0x00000000a7bfada8) 
thrown [s\open\src\hotspot\share\interpreter\linkResolver.cpp, line 759]
Event: 1.008 Thread 0x0000021454aa62c0 Exception <a 'java/lang/NoSuchMethodError'{0x00000000a7d85cf0}: 'void java.lang.invoke.DirectMethodHandle$Holder.invokeVirtual(java.lang.Object, java.lang.Object)'> (0x00000000a7d85cf0) 
thrown [s\open\src\hotspot\share\interpreter\linkResolver.cpp, line 759]
Event: 1.047 Thread 0x0000021434f8b4b0 Exception <a 'java/lang/NoSuchMethodError'{0x00000000a790eb00}: 'void java.lang.invoke.DirectMethodHandle$Holder.invokeStaticInit(java.lang.Object)'> (0x00000000a790eb00) 
thrown [s\open\src\hotspot\share\interpreter\linkResolver.cpp, line 759]

VM Operations (6 events):
Event: 0.659 Executing VM operation: HandshakeAllThreads
Event: 0.659 Executing VM operation: HandshakeAllThreads done
Event: 0.691 Executing VM operation: HandshakeAllThreads
Event: 0.691 Executing VM operation: HandshakeAllThreads done
Event: 0.819 Executing VM operation: HandshakeAllThreads
Event: 0.819 Executing VM operation: HandshakeAllThreads done

Events (20 events):
Event: 1.046 loading class sun/java2d/StateTracker
Event: 1.046 loading class sun/java2d/StateTracker done
Event: 1.046 loading class sun/java2d/StateTracker$1
Event: 1.046 loading class sun/java2d/StateTracker$1 done
Event: 1.046 loading class sun/java2d/StateTracker$2
Event: 1.046 loading class sun/java2d/StateTracker$2 done
Event: 1.046 loading class java/awt/SystemColor
Event: 1.047 loading class java/awt/SystemColor done
Event: 1.047 loading class sun/awt/AWTAccessor$SystemColorAccessor
Event: 1.047 loading class sun/awt/AWTAccessor$SystemColorAccessor done
Event: 1.049 loading class sun/awt/windows/WFontPeer
Event: 1.049 loading class sun/awt/PlatformFont
Event: 1.049 loading class java/awt/peer/FontPeer
Event: 1.050 loading class java/awt/peer/FontPeer done
Event: 1.050 loading class sun/awt/PlatformFont done
Event: 1.050 loading class sun/awt/windows/WFontPeer done
Event: 1.050 loading class sun/awt/NativeLibLoader
Event: 1.050 loading class sun/awt/NativeLibLoader done
Event: 1.050 loading class sun/awt/NativeLibLoader$1
Event: 1.050 loading class sun/awt/NativeLibLoader$1 done


Dynamic libraries:
0x00007ff6bb020000 - 0x00007ff6bb030000 	C:\Program Files\Java\jdk-17\bin\java.exe
0x00007ffe13290000 - 0x00007ffe134a4000 	C:\WINDOWS\SYSTEM32\ntdll.dll
0x00007ffe11f00000 - 0x00007ffe11fc4000 	C:\WINDOWS\System32\KERNEL32.DLL
0x00007ffe10c70000 - 0x00007ffe11014000 	C:\WINDOWS\System32\KERNELBASE.dll
0x00007ffe10a30000 - 0x00007ffe10b41000 	C:\WINDOWS\System32\ucrtbase.dll
0x00007ffe0d570000 - 0x00007ffe0d58b000 	C:\Program Files\Java\jdk-17\bin\VCRUNTIME140.dll
0x00007ffe09da0000 - 0x00007ffe09db8000 	C:\Program Files\Java\jdk-17\bin\jli.dll
0x00007ffe11fd0000 - 0x00007ffe12080000 	C:\WINDOWS\System32\ADVAPI32.dll
0x00007ffe121a0000 - 0x00007ffe12247000 	C:\WINDOWS\System32\msvcrt.dll
0x00007ffe12700000 - 0x00007ffe127a6000 	C:\WINDOWS\System32\sechost.dll
0x00007ffe12b80000 - 0x00007ffe12c97000 	C:\WINDOWS\System32\RPCRT4.dll
0x00007ffe11ce0000 - 0x00007ffe11e8e000 	C:\WINDOWS\System32\USER32.dll
0x00007ffe10910000 - 0x00007ffe10936000 	C:\WINDOWS\System32\win32u.dll
0x00007ffdf6570000 - 0x00007ffdf6803000 	C:\WINDOWS\WinSxS\amd64_microsoft.windows.common-controls_6595b64144ccf1df_6.0.22621.2215_none_270d72677387dfc3\COMCTL32.dll
0x00007ffe126d0000 - 0x00007ffe126f9000 	C:\WINDOWS\System32\GDI32.dll
0x00007ffe10b50000 - 0x00007ffe10c68000 	C:\WINDOWS\System32\gdi32full.dll
0x00007ffe10640000 - 0x00007ffe106da000 	C:\WINDOWS\System32\msvcp_win.dll
0x00007ffe07570000 - 0x00007ffe0757a000 	C:\WINDOWS\SYSTEM32\VERSION.dll
0x00007ffe127b0000 - 0x00007ffe127e1000 	C:\WINDOWS\System32\IMM32.DLL
0x00007ffe0b600000 - 0x00007ffe0b60c000 	C:\Program Files\Java\jdk-17\bin\vcruntime140_1.dll
0x00007ffe014c0000 - 0x00007ffe0154e000 	C:\Program Files\Java\jdk-17\bin\msvcp140.dll
0x00007ffdcaad0000 - 0x00007ffdcb6a7000 	C:\Program Files\Java\jdk-17\bin\server\jvm.dll
0x00007ffe120a0000 - 0x00007ffe120a8000 	C:\WINDOWS\System32\PSAPI.DLL
0x00007ffe0d530000 - 0x00007ffe0d539000 	C:\WINDOWS\SYSTEM32\WSOCK32.dll
0x00007ffe09b90000 - 0x00007ffe09bc4000 	C:\WINDOWS\SYSTEM32\WINMM.dll
0x00007ffe120b0000 - 0x00007ffe12121000 	C:\WINDOWS\System32\WS2_32.dll
0x00007ffe0f640000 - 0x00007ffe0f658000 	C:\WINDOWS\SYSTEM32\kernel.appcore.dll
0x00007ffe0b5f0000 - 0x00007ffe0b5fa000 	C:\Program Files\Java\jdk-17\bin\jimage.dll
0x00007ffe0deb0000 - 0x00007ffe0e0de000 	C:\WINDOWS\SYSTEM32\DBGHELP.DLL
0x00007ffe127f0000 - 0x00007ffe12b7a000 	C:\WINDOWS\System32\combase.dll
0x00007ffe12e00000 - 0x00007ffe12ed7000 	C:\WINDOWS\System32\OLEAUT32.dll
0x00007ffdff0f0000 - 0x00007ffdff122000 	C:\WINDOWS\SYSTEM32\dbgcore.DLL
0x00007ffe109b0000 - 0x00007ffe10a2a000 	C:\WINDOWS\System32\bcryptPrimitives.dll
0x00007ffe09cc0000 - 0x00007ffe09ce5000 	C:\Program Files\Java\jdk-17\bin\java.dll
0x00007ffdf44c0000 - 0x00007ffdf4597000 	C:\Program Files\Java\jdk-17\bin\jsvml.dll
0x00007ffe11050000 - 0x00007ffe11873000 	C:\WINDOWS\System32\SHELL32.dll
0x00007ffe0e5d0000 - 0x00007ffe0eeba000 	C:\WINDOWS\SYSTEM32\windows.storage.dll
0x00007ffe0e490000 - 0x00007ffe0e5ce000 	C:\WINDOWS\SYSTEM32\wintypes.dll
0x00007ffe11a40000 - 0x00007ffe11b33000 	C:\WINDOWS\System32\SHCORE.dll
0x00007ffe12f90000 - 0x00007ffe12fee000 	C:\WINDOWS\System32\shlwapi.dll
0x00007ffe10570000 - 0x00007ffe10596000 	C:\WINDOWS\SYSTEM32\profapi.dll
0x00007ffe09d30000 - 0x00007ffe09d49000 	C:\Program Files\Java\jdk-17\bin\net.dll
0x00007ffe084c0000 - 0x00007ffe085f7000 	C:\WINDOWS\SYSTEM32\WINHTTP.dll
0x00007ffe0fb10000 - 0x00007ffe0fb79000 	C:\WINDOWS\system32\mswsock.dll
0x00007ffe09ca0000 - 0x00007ffe09cb6000 	C:\Program Files\Java\jdk-17\bin\nio.dll
0x00007ffdeb4b0000 - 0x00007ffdeb641000 	C:\Program Files\Java\jdk-17\bin\awt.dll
0x00007ffe0d400000 - 0x00007ffe0d497000 	C:\WINDOWS\SYSTEM32\apphelp.dll
0x00007ffe0d910000 - 0x00007ffe0d93b000 	C:\WINDOWS\system32\DWMAPI.DLL
0x00007ffe0d6b0000 - 0x00007ffe0d75b000 	C:\WINDOWS\system32\uxtheme.dll
0x00007ffdcf1b0000 - 0x00007ffdcf2b0000 	C:\WINDOWS\system32\opengl32.dll
0x00007ffdcf110000 - 0x00007ffdcf13d000 	C:\WINDOWS\SYSTEM32\GLU32.dll
0x00007ffe0d7c0000 - 0x00007ffe0d7f8000 	C:\WINDOWS\SYSTEM32\dxcore.dll
0x00007ffe13080000 - 0x00007ffe131c9000 	C:\WINDOWS\System32\MSCTF.dll
0x00007ffe11b40000 - 0x00007ffe11cde000 	C:\WINDOWS\System32\ole32.dll
0x00007ffdd5e30000 - 0x00007ffdd5fd9000 	C:\WINDOWS\system32\d3d9.dll
0x00007ffe06ae0000 - 0x00007ffe06c9b000 	C:\WINDOWS\System32\DriverStore\FileRepository\u0390835.inf_amd64_66888840aa4163cc\B390488\aticfx64.dll
0x00007ffe00440000 - 0x00007ffe00474000 	C:\WINDOWS\System32\DriverStore\FileRepository\u0390835.inf_amd64_66888840aa4163cc\B390488\atiu9p64.dll
0x00007ffdc6760000 - 0x00007ffdc74b5000 	C:\WINDOWS\System32\DriverStore\FileRepository\u0390835.inf_amd64_66888840aa4163cc\B390488\atiumd64.dll
0x00000000581f0000 - 0x0000000059118000 	C:\WINDOWS\System32\DriverStore\FileRepository\u0390835.inf_amd64_66888840aa4163cc\B390488\atiumd6a.dll
0x00007ffe12250000 - 0x00007ffe126c4000 	C:\WINDOWS\System32\SETUPAPI.dll
0x00007ffe10510000 - 0x00007ffe1055d000 	C:\WINDOWS\SYSTEM32\POWRPROF.dll
0x00007ffe0ff20000 - 0x00007ffe0ff48000 	C:\WINDOWS\SYSTEM32\bcrypt.dll
0x00007ffe104f0000 - 0x00007ffe10503000 	C:\WINDOWS\SYSTEM32\UMPDC.dll
0x00007ffe03fb0000 - 0x00007ffe03fe5000 	C:\WINDOWS\SYSTEM32\amdihk64.dll
0x00007ffe09dc0000 - 0x00007ffe09e0a000 	C:\WINDOWS\SYSTEM32\directxdatabasehelper.dll
0x00007ffe09c80000 - 0x00007ffe09c98000 	C:\Program Files\Java\jdk-17\bin\zip.dll
0x00007ffdf56a0000 - 0x00007ffdf5726000 	C:\Program Files\Java\jdk-17\bin\freetype.dll
0x00007ffdec610000 - 0x00007ffdec6d5000 	C:\Program Files\Java\jdk-17\bin\fontmanager.dll

dbghelp: loaded successfully - version: 4.0.5 - missing functions: none
symbol engine: initialized successfully - sym options: 0x614 - pdb path: .;C:\Program Files\Java\jdk-17\bin;C:\WINDOWS\SYSTEM32;C:\WINDOWS\WinSxS\amd64_microsoft.windows.common-controls_6595b64144ccf1df_6.0.22621.2215_none_270d72677387dfc3;C:\Program Files\Java\jdk-17\bin\server;C:\WINDOWS\System32\DriverStore\FileRepository\u0390835.inf_amd64_66888840aa4163cc\B390488

VM Arguments:
java_command: Controlador.Principal
java_class_path (initial): E:\USUARIO\Escritorio\Mariana Montoya\INGENIERÍA INFORMÁTICA\SEMESTRE IV\TALLER DE PROGRAMACIÓN\ProyectoVeterinaria\target\classes;C:\Users\Mariana M\.m2\repository\com\toedter\jcalendar\1.4\jcalendar-1.4.jar
Launcher Type: SUN_STANDARD

[Global flags]
     intx CICompilerCount                          = 4                                         {product} {ergonomic}
     uint ConcGCThreads                            = 2                                         {product} {ergonomic}
     uint G1ConcRefinementThreads                  = 8                                         {product} {ergonomic}
   size_t G1HeapRegionSize                         = 1048576                                   {product} {ergonomic}
    uintx GCDrainStackTargetSize                   = 64                                        {product} {ergonomic}
   size_t InitialHeapSize                          = 98566144                                  {product} {ergonomic}
   size_t MarkStackSize                            = 4194304                                   {product} {ergonomic}
   size_t MaxHeapSize                              = 1574961152                                {product} {ergonomic}
   size_t MaxNewSize                               = 944766976                                 {product} {ergonomic}
   size_t MinHeapDeltaBytes                        = 1048576                                   {product} {ergonomic}
   size_t MinHeapSize                              = 8388608                                   {product} {ergonomic}
    uintx NonNMethodCodeHeapSize                   = 5839372                                {pd product} {ergonomic}
    uintx NonProfiledCodeHeapSize                  = 122909434                              {pd product} {ergonomic}
    uintx ProfiledCodeHeapSize                     = 122909434                              {pd product} {ergonomic}
    uintx ReservedCodeCacheSize                    = 251658240                              {pd product} {ergonomic}
     bool SegmentedCodeCache                       = true                                      {product} {ergonomic}
   size_t SoftMaxHeapSize                          = 1574961152                             {manageable} {ergonomic}
     bool UseCompressedClassPointers               = true                           {product lp64_product} {ergonomic}
     bool UseCompressedOops                        = true                           {product lp64_product} {ergonomic}
     bool UseG1GC                                  = true                                      {product} {ergonomic}
     bool UseLargePagesIndividualAllocation        = false                                  {pd product} {ergonomic}

Logging:
Log output configuration:
 #0: stdout all=warning uptime,level,tags
 #1: stderr all=off uptime,level,tags

Environment Variables:
JAVA_HOME=C:\Program Files\Java\jdk-17
PATH=C:\Program Files\Java\jdk-19\bin;C:\Program Files\Maven\apache-maven-3.9.4\bin;C:\Program Files\Java\jdk-11.0.13\bin;C:\WINDOWS\system32;C:\WINDOWS;C:\WINDOWS\System32\Wbem;C:\WINDOWS\System32\WindowsPowerShell\v1.0\;C:\WINDOWS\System32\OpenSSH\;C:\Program Files\Git\cmd;C:\Program Files\Common Files\Oracle\Java\javapath;C:\Program Files (x86)\HP\HP OCR\DB_Lib\;C:\Program Files\HP\Common\HPDestPlgIn\;C:\Program Files (x86)\HP\Common\HPDestPlgIn\;C:\Program Files\Java\jdk-19\bin;C:\Users\Mariana M\AppData\Local\Programs\Microsoft VS Code\bin;C:\Users\Mariana M\AppData\Local\GitHubDesktop\bin;C:\Program Files\HP\Common\HPDestPlgIn\;C:\Program Files (x86)\HP\Common\HPDestPlgIn\;C:\AppServ\Apache24\bin;C:\AppServ\php5;C:\AppServ\MySQL\bin;C:\Program Files\Maven\apache-maven-3.9.4\bin;
USERNAME=Mariana M
OS=Windows_NT
PROCESSOR_IDENTIFIER=AMD64 Family 23 Model 104 Stepping 1, AuthenticAMD



---------------  S Y S T E M  ---------------

OS:
 Windows 11 , 64 bit Build 22621 (10.0.22621.2215)
OS uptime: 5 days 19:42 hours

CPU: total 8 (initial active 8) (8 cores per cpu, 2 threads per core) family 23 model 104 stepping 1 microcode 0x0, cx8, cmov, fxsr, ht, mmx, 3dnowpref, sse, sse2, sse3, ssse3, sse4a, sse4.1, sse4.2, popcnt, lzcnt, tsc, tscinvbit, avx, avx2, aes, clmul, bmi1, bmi2, adx, sha, fma, vzeroupper, clflush, clflushopt

Memory: 4k page, system-wide physical 6005M (562M free)
TotalPageFile size 14197M (AvailPageFile size 0M)
current process WorkingSet (physical memory assigned to process): 58M, peak: 58M
current process commit charge ("private bytes"): 197M, peak: 197M

vm_info: Java HotSpot(TM) 64-Bit Server VM (17.0.6+9-LTS-190) for windows-amd64 JRE (17.0.6+9-LTS-190), built on Dec  6 2022 15:53:54 by "mach5one" with MS VC++ 17.1 (VS2022)

END.
